{
"/Users/bdwyer/git/svg-typewriter/build/src/index.js":{"path":"/Users/bdwyer/git/svg-typewriter/build/src/index.js","s":{"1":1,"2":1,"3":1,"4":1,"5":1,"6":1,"7":1,"8":1,"9":1,"10":1},"b":{},"f":{},"fnMap":{},"statementMap":{"1":{"start":{"line":2,"column":0},"end":{"line":2,"column":39}},"2":{"start":{"line":3,"column":0},"end":{"line":3,"column":30}},"3":{"start":{"line":4,"column":0},"end":{"line":4,"column":39}},"4":{"start":{"line":5,"column":0},"end":{"line":5,"column":30}},"5":{"start":{"line":6,"column":0},"end":{"line":6,"column":31}},"6":{"start":{"line":7,"column":0},"end":{"line":7,"column":22}},"7":{"start":{"line":8,"column":0},"end":{"line":8,"column":37}},"8":{"start":{"line":9,"column":0},"end":{"line":9,"column":28}},"9":{"start":{"line":10,"column":0},"end":{"line":10,"column":35}},"10":{"start":{"line":11,"column":0},"end":{"line":11,"column":26}}},"branchMap":{},"l":{"2":1,"3":1,"4":1,"5":1,"6":1,"7":1,"8":1,"9":1,"10":1,"11":1}},
"/Users/bdwyer/git/svg-typewriter/build/src/animators/index.js":{"path":"/Users/bdwyer/git/svg-typewriter/build/src/animators/index.js","s":{"1":1,"2":3,"3":3,"4":3,"5":1,"6":1,"7":1},"b":{"1":[3,0]},"f":{"1":3},"fnMap":{"1":{"name":"__export","line":2,"loc":{"start":{"line":2,"column":0},"end":{"line":2,"column":21}}}},"statementMap":{"1":{"start":{"line":2,"column":0},"end":{"line":4,"column":1}},"2":{"start":{"line":3,"column":4},"end":{"line":3,"column":71}},"3":{"start":{"line":3,"column":21},"end":{"line":3,"column":71}},"4":{"start":{"line":3,"column":53},"end":{"line":3,"column":71}},"5":{"start":{"line":5,"column":0},"end":{"line":5,"column":36}},"6":{"start":{"line":6,"column":0},"end":{"line":6,"column":39}},"7":{"start":{"line":7,"column":0},"end":{"line":7,"column":38}}},"branchMap":{"1":{"line":3,"type":"if","locations":[{"start":{"line":3,"column":21},"end":{"line":3,"column":21}},{"start":{"line":3,"column":21},"end":{"line":3,"column":21}}]}},"l":{"2":1,"3":3,"5":1,"6":1,"7":1}},
"/Users/bdwyer/git/svg-typewriter/build/src/animators/baseAnimator.js":{"path":"/Users/bdwyer/git/svg-typewriter/build/src/animators/baseAnimator.js","s":{"1":1,"2":1,"3":1,"4":15,"5":15,"6":15,"7":15,"8":15,"9":1,"10":13,"11":13,"12":13,"13":13,"14":13,"15":1,"16":22,"17":1,"18":51,"19":23,"20":28,"21":28,"22":1,"23":31,"24":13,"25":18,"26":18,"27":1,"28":31,"29":13,"30":18,"31":18,"32":1,"33":38,"34":23,"35":15,"36":15,"37":1,"38":38,"39":23,"40":15,"41":15,"42":1,"43":1,"44":1,"45":1},"b":{"1":[23,28],"2":[13,18],"3":[13,18],"4":[23,15],"5":[23,15]},"f":{"1":1,"2":15,"3":13,"4":22,"5":51,"6":31,"7":31,"8":38,"9":38},"fnMap":{"1":{"name":"(anonymous_1)","line":3,"loc":{"start":{"line":3,"column":20},"end":{"line":3,"column":32}}},"2":{"name":"BaseAnimator","line":4,"loc":{"start":{"line":4,"column":4},"end":{"line":4,"column":28}}},"3":{"name":"(anonymous_3)","line":11,"loc":{"start":{"line":11,"column":37},"end":{"line":11,"column":58}}},"4":{"name":"(anonymous_4)","line":18,"loc":{"start":{"line":18,"column":38},"end":{"line":18,"column":65}}},"5":{"name":"(anonymous_5)","line":25,"loc":{"start":{"line":25,"column":38},"end":{"line":25,"column":58}}},"6":{"name":"(anonymous_6)","line":34,"loc":{"start":{"line":34,"column":35},"end":{"line":34,"column":52}}},"7":{"name":"(anonymous_7)","line":43,"loc":{"start":{"line":43,"column":35},"end":{"line":43,"column":52}}},"8":{"name":"(anonymous_8)","line":52,"loc":{"start":{"line":52,"column":35},"end":{"line":52,"column":52}}},"9":{"name":"(anonymous_9)","line":61,"loc":{"start":{"line":61,"column":36},"end":{"line":61,"column":54}}}},"statementMap":{"1":{"start":{"line":2,"column":0},"end":{"line":2,"column":23}},"2":{"start":{"line":3,"column":0},"end":{"line":71,"column":5}},"3":{"start":{"line":4,"column":4},"end":{"line":10,"column":5}},"4":{"start":{"line":5,"column":8},"end":{"line":5,"column":66}},"5":{"start":{"line":6,"column":8},"end":{"line":6,"column":22}},"6":{"start":{"line":7,"column":8},"end":{"line":7,"column":49}},"7":{"start":{"line":8,"column":8},"end":{"line":8,"column":22}},"8":{"start":{"line":9,"column":8},"end":{"line":9,"column":22}},"9":{"start":{"line":11,"column":4},"end":{"line":17,"column":6}},"10":{"start":{"line":12,"column":8},"end":{"line":12,"column":37}},"11":{"start":{"line":13,"column":8},"end":{"line":13,"column":55}},"12":{"start":{"line":14,"column":8},"end":{"line":14,"column":54}},"13":{"start":{"line":15,"column":8},"end":{"line":15,"column":33}},"14":{"start":{"line":16,"column":8},"end":{"line":16,"column":73}},"15":{"start":{"line":18,"column":4},"end":{"line":24,"column":6}},"16":{"start":{"line":19,"column":8},"end":{"line":23,"column":24}},"17":{"start":{"line":25,"column":4},"end":{"line":33,"column":6}},"18":{"start":{"line":26,"column":8},"end":{"line":32,"column":9}},"19":{"start":{"line":27,"column":12},"end":{"line":27,"column":34}},"20":{"start":{"line":30,"column":12},"end":{"line":30,"column":38}},"21":{"start":{"line":31,"column":12},"end":{"line":31,"column":24}},"22":{"start":{"line":34,"column":4},"end":{"line":42,"column":6}},"23":{"start":{"line":35,"column":8},"end":{"line":41,"column":9}},"24":{"start":{"line":36,"column":12},"end":{"line":36,"column":31}},"25":{"start":{"line":39,"column":12},"end":{"line":39,"column":32}},"26":{"start":{"line":40,"column":12},"end":{"line":40,"column":24}},"27":{"start":{"line":43,"column":4},"end":{"line":51,"column":6}},"28":{"start":{"line":44,"column":8},"end":{"line":50,"column":9}},"29":{"start":{"line":45,"column":12},"end":{"line":45,"column":31}},"30":{"start":{"line":48,"column":12},"end":{"line":48,"column":32}},"31":{"start":{"line":49,"column":12},"end":{"line":49,"column":24}},"32":{"start":{"line":52,"column":4},"end":{"line":60,"column":6}},"33":{"start":{"line":53,"column":8},"end":{"line":59,"column":9}},"34":{"start":{"line":54,"column":12},"end":{"line":54,"column":31}},"35":{"start":{"line":57,"column":12},"end":{"line":57,"column":32}},"36":{"start":{"line":58,"column":12},"end":{"line":58,"column":24}},"37":{"start":{"line":61,"column":4},"end":{"line":69,"column":6}},"38":{"start":{"line":62,"column":8},"end":{"line":68,"column":9}},"39":{"start":{"line":63,"column":12},"end":{"line":63,"column":32}},"40":{"start":{"line":66,"column":12},"end":{"line":66,"column":34}},"41":{"start":{"line":67,"column":12},"end":{"line":67,"column":24}},"42":{"start":{"line":70,"column":4},"end":{"line":70,"column":24}},"43":{"start":{"line":75,"column":0},"end":{"line":75,"column":49}},"44":{"start":{"line":79,"column":0},"end":{"line":79,"column":40}},"45":{"start":{"line":80,"column":0},"end":{"line":80,"column":36}}},"branchMap":{"1":{"line":26,"type":"if","locations":[{"start":{"line":26,"column":8},"end":{"line":26,"column":8}},{"start":{"line":26,"column":8},"end":{"line":26,"column":8}}]},"2":{"line":35,"type":"if","locations":[{"start":{"line":35,"column":8},"end":{"line":35,"column":8}},{"start":{"line":35,"column":8},"end":{"line":35,"column":8}}]},"3":{"line":44,"type":"if","locations":[{"start":{"line":44,"column":8},"end":{"line":44,"column":8}},{"start":{"line":44,"column":8},"end":{"line":44,"column":8}}]},"4":{"line":53,"type":"if","locations":[{"start":{"line":53,"column":8},"end":{"line":53,"column":8}},{"start":{"line":53,"column":8},"end":{"line":53,"column":8}}]},"5":{"line":62,"type":"if","locations":[{"start":{"line":62,"column":8},"end":{"line":62,"column":8}},{"start":{"line":62,"column":8},"end":{"line":62,"column":8}}]}},"l":{"2":1,"3":1,"4":1,"5":15,"6":15,"7":15,"8":15,"9":15,"11":1,"12":13,"13":13,"14":13,"15":13,"16":13,"18":1,"19":22,"25":1,"26":51,"27":23,"30":28,"31":28,"34":1,"35":31,"36":13,"39":18,"40":18,"43":1,"44":31,"45":13,"48":18,"49":18,"52":1,"53":38,"54":23,"57":15,"58":15,"61":1,"62":38,"63":23,"66":15,"67":15,"70":1,"75":1,"79":1,"80":1}},
"/Users/bdwyer/git/svg-typewriter/build/src/animators/opacityAnimator.js":{"path":"/Users/bdwyer/git/svg-typewriter/build/src/animators/opacityAnimator.js","s":{"1":1,"2":1,"3":2,"4":2,"5":1,"6":1,"7":1,"8":1,"9":1,"10":1,"11":1,"12":3,"13":1,"14":3,"15":3,"16":3,"17":3,"18":3,"19":1,"20":1},"b":{"1":[1,1,1],"2":[2,0],"3":[0,1],"4":[3,3]},"f":{"1":1,"2":1,"3":1,"4":3,"5":3},"fnMap":{"1":{"name":"(anonymous_1)","line":2,"loc":{"start":{"line":2,"column":44},"end":{"line":2,"column":60}}},"2":{"name":"__","line":4,"loc":{"start":{"line":4,"column":4},"end":{"line":4,"column":18}}},"3":{"name":"(anonymous_3)","line":8,"loc":{"start":{"line":8,"column":23},"end":{"line":8,"column":41}}},"4":{"name":"OpacityAnimator","line":10,"loc":{"start":{"line":10,"column":4},"end":{"line":10,"column":31}}},"5":{"name":"(anonymous_5)","line":13,"loc":{"start":{"line":13,"column":40},"end":{"line":13,"column":61}}}},"statementMap":{"1":{"start":{"line":2,"column":0},"end":{"line":6,"column":2}},"2":{"start":{"line":3,"column":4},"end":{"line":3,"column":58}},"3":{"start":{"line":3,"column":21},"end":{"line":3,"column":58}},"4":{"start":{"line":3,"column":46},"end":{"line":3,"column":58}},"5":{"start":{"line":4,"column":4},"end":{"line":4,"column":43}},"6":{"start":{"line":4,"column":20},"end":{"line":4,"column":41}},"7":{"start":{"line":5,"column":4},"end":{"line":5,"column":89}},"8":{"start":{"line":7,"column":0},"end":{"line":7,"column":47}},"9":{"start":{"line":8,"column":0},"end":{"line":23,"column":32}},"10":{"start":{"line":9,"column":4},"end":{"line":9,"column":39}},"11":{"start":{"line":10,"column":4},"end":{"line":12,"column":5}},"12":{"start":{"line":11,"column":8},"end":{"line":11,"column":53}},"13":{"start":{"line":13,"column":4},"end":{"line":21,"column":6}},"14":{"start":{"line":14,"column":8},"end":{"line":14,"column":50}},"15":{"start":{"line":15,"column":8},"end":{"line":15,"column":32}},"16":{"start":{"line":16,"column":8},"end":{"line":18,"column":10}},"17":{"start":{"line":19,"column":8},"end":{"line":19,"column":34}},"18":{"start":{"line":20,"column":8},"end":{"line":20,"column":62}},"19":{"start":{"line":22,"column":4},"end":{"line":22,"column":27}},"20":{"start":{"line":24,"column":0},"end":{"line":24,"column":42}}},"branchMap":{"1":{"line":2,"type":"binary-expr","locations":[{"start":{"line":2,"column":17},"end":{"line":2,"column":21}},{"start":{"line":2,"column":25},"end":{"line":2,"column":39}},{"start":{"line":2,"column":44},"end":{"line":6,"column":1}}]},"2":{"line":3,"type":"if","locations":[{"start":{"line":3,"column":21},"end":{"line":3,"column":21}},{"start":{"line":3,"column":21},"end":{"line":3,"column":21}}]},"3":{"line":5,"type":"cond-expr","locations":[{"start":{"line":5,"column":31},"end":{"line":5,"column":47}},{"start":{"line":5,"column":51},"end":{"line":5,"column":87}}]},"4":{"line":11,"type":"binary-expr","locations":[{"start":{"line":11,"column":15},"end":{"line":11,"column":44}},{"start":{"line":11,"column":48},"end":{"line":11,"column":52}}]}},"l":{"2":1,"3":2,"4":1,"5":1,"7":1,"8":1,"9":1,"10":1,"11":3,"13":1,"14":3,"15":3,"16":3,"19":3,"20":3,"22":1,"24":1}},
"/Users/bdwyer/git/svg-typewriter/build/src/animators/unveilAnimator.js":{"path":"/Users/bdwyer/git/svg-typewriter/build/src/animators/unveilAnimator.js","s":{"1":1,"2":1,"3":2,"4":2,"5":1,"6":1,"7":1,"8":1,"9":1,"10":1,"11":1,"12":1,"13":7,"14":7,"15":7,"16":1,"17":13,"18":2,"19":11,"20":1,"21":10,"22":10,"23":1,"24":6,"25":6,"26":6,"27":6,"28":6,"29":1,"30":1,"31":1,"32":1,"33":3,"34":3,"35":3,"36":3,"37":1,"38":1,"39":1,"40":1,"41":1,"42":1,"43":1,"44":1,"45":0,"46":6,"47":6,"48":1,"49":1,"50":1},"b":{"1":[1,1,1],"2":[2,0],"3":[0,1],"4":[7,7],"5":[2,11],"6":[1,10],"7":[1,3,1,1,0]},"f":{"1":1,"2":1,"3":1,"4":7,"5":13,"6":6},"fnMap":{"1":{"name":"(anonymous_1)","line":2,"loc":{"start":{"line":2,"column":44},"end":{"line":2,"column":60}}},"2":{"name":"__","line":4,"loc":{"start":{"line":4,"column":4},"end":{"line":4,"column":18}}},"3":{"name":"(anonymous_3)","line":9,"loc":{"start":{"line":9,"column":22},"end":{"line":9,"column":40}}},"4":{"name":"UnveilAnimator","line":11,"loc":{"start":{"line":11,"column":4},"end":{"line":11,"column":30}}},"5":{"name":"(anonymous_5)","line":16,"loc":{"start":{"line":16,"column":41},"end":{"line":16,"column":62}}},"6":{"name":"(anonymous_6)","line":28,"loc":{"start":{"line":28,"column":39},"end":{"line":28,"column":60}}}},"statementMap":{"1":{"start":{"line":2,"column":0},"end":{"line":6,"column":2}},"2":{"start":{"line":3,"column":4},"end":{"line":3,"column":58}},"3":{"start":{"line":3,"column":21},"end":{"line":3,"column":58}},"4":{"start":{"line":3,"column":46},"end":{"line":3,"column":58}},"5":{"start":{"line":4,"column":4},"end":{"line":4,"column":43}},"6":{"start":{"line":4,"column":20},"end":{"line":4,"column":41}},"7":{"start":{"line":5,"column":4},"end":{"line":5,"column":89}},"8":{"start":{"line":7,"column":0},"end":{"line":7,"column":32}},"9":{"start":{"line":8,"column":0},"end":{"line":8,"column":47}},"10":{"start":{"line":9,"column":0},"end":{"line":61,"column":32}},"11":{"start":{"line":10,"column":4},"end":{"line":10,"column":38}},"12":{"start":{"line":11,"column":4},"end":{"line":15,"column":5}},"13":{"start":{"line":12,"column":8},"end":{"line":12,"column":46}},"14":{"start":{"line":13,"column":8},"end":{"line":13,"column":34}},"15":{"start":{"line":14,"column":8},"end":{"line":14,"column":21}},"16":{"start":{"line":16,"column":4},"end":{"line":27,"column":6}},"17":{"start":{"line":17,"column":8},"end":{"line":26,"column":9}},"18":{"start":{"line":18,"column":12},"end":{"line":18,"column":35}},"19":{"start":{"line":21,"column":12},"end":{"line":23,"column":13}},"20":{"start":{"line":22,"column":16},"end":{"line":22,"column":72}},"21":{"start":{"line":24,"column":12},"end":{"line":24,"column":40}},"22":{"start":{"line":25,"column":12},"end":{"line":25,"column":24}},"23":{"start":{"line":28,"column":4},"end":{"line":59,"column":6}},"24":{"start":{"line":29,"column":8},"end":{"line":29,"column":48}},"25":{"start":{"line":30,"column":8},"end":{"line":30,"column":50}},"26":{"start":{"line":31,"column":8},"end":{"line":31,"column":30}},"27":{"start":{"line":32,"column":8},"end":{"line":32,"column":31}},"28":{"start":{"line":33,"column":8},"end":{"line":56,"column":9}},"29":{"start":{"line":35,"column":16},"end":{"line":35,"column":53}},"30":{"start":{"line":36,"column":16},"end":{"line":36,"column":39}},"31":{"start":{"line":37,"column":16},"end":{"line":37,"column":47}},"32":{"start":{"line":38,"column":16},"end":{"line":38,"column":22}},"33":{"start":{"line":40,"column":16},"end":{"line":40,"column":39}},"34":{"start":{"line":41,"column":16},"end":{"line":41,"column":39}},"35":{"start":{"line":42,"column":16},"end":{"line":42,"column":47}},"36":{"start":{"line":43,"column":16},"end":{"line":43,"column":22}},"37":{"start":{"line":45,"column":16},"end":{"line":45,"column":39}},"38":{"start":{"line":46,"column":16},"end":{"line":46,"column":39}},"39":{"start":{"line":47,"column":16},"end":{"line":47,"column":49}},"40":{"start":{"line":48,"column":16},"end":{"line":48,"column":22}},"41":{"start":{"line":50,"column":16},"end":{"line":50,"column":39}},"42":{"start":{"line":51,"column":16},"end":{"line":51,"column":52}},"43":{"start":{"line":52,"column":16},"end":{"line":52,"column":49}},"44":{"start":{"line":53,"column":16},"end":{"line":53,"column":22}},"45":{"start":{"line":55,"column":16},"end":{"line":55,"column":22}},"46":{"start":{"line":57,"column":8},"end":{"line":57,"column":34}},"47":{"start":{"line":58,"column":8},"end":{"line":58,"column":62}},"48":{"start":{"line":60,"column":4},"end":{"line":60,"column":26}},"49":{"start":{"line":62,"column":0},"end":{"line":62,"column":72}},"50":{"start":{"line":63,"column":0},"end":{"line":63,"column":40}}},"branchMap":{"1":{"line":2,"type":"binary-expr","locations":[{"start":{"line":2,"column":17},"end":{"line":2,"column":21}},{"start":{"line":2,"column":25},"end":{"line":2,"column":39}},{"start":{"line":2,"column":44},"end":{"line":6,"column":1}}]},"2":{"line":3,"type":"if","locations":[{"start":{"line":3,"column":21},"end":{"line":3,"column":21}},{"start":{"line":3,"column":21},"end":{"line":3,"column":21}}]},"3":{"line":5,"type":"cond-expr","locations":[{"start":{"line":5,"column":31},"end":{"line":5,"column":47}},{"start":{"line":5,"column":51},"end":{"line":5,"column":87}}]},"4":{"line":12,"type":"binary-expr","locations":[{"start":{"line":12,"column":20},"end":{"line":12,"column":37}},{"start":{"line":12,"column":41},"end":{"line":12,"column":45}}]},"5":{"line":17,"type":"if","locations":[{"start":{"line":17,"column":8},"end":{"line":17,"column":8}},{"start":{"line":17,"column":8},"end":{"line":17,"column":8}}]},"6":{"line":21,"type":"if","locations":[{"start":{"line":21,"column":12},"end":{"line":21,"column":12}},{"start":{"line":21,"column":12},"end":{"line":21,"column":12}}]},"7":{"line":33,"type":"switch","locations":[{"start":{"line":34,"column":12},"end":{"line":38,"column":22}},{"start":{"line":39,"column":12},"end":{"line":43,"column":22}},{"start":{"line":44,"column":12},"end":{"line":48,"column":22}},{"start":{"line":49,"column":12},"end":{"line":53,"column":22}},{"start":{"line":54,"column":12},"end":{"line":55,"column":22}}]}},"l":{"2":1,"3":2,"4":1,"5":1,"7":1,"8":1,"9":1,"10":1,"11":1,"12":7,"13":7,"14":7,"16":1,"17":13,"18":2,"21":11,"22":1,"24":10,"25":10,"28":1,"29":6,"30":6,"31":6,"32":6,"33":6,"35":1,"36":1,"37":1,"38":1,"40":3,"41":3,"42":3,"43":3,"45":1,"46":1,"47":1,"48":1,"50":1,"51":1,"52":1,"53":1,"55":0,"57":6,"58":6,"60":1,"62":1,"63":1}},
"/Users/bdwyer/git/svg-typewriter/build/src/utils/index.js":{"path":"/Users/bdwyer/git/svg-typewriter/build/src/utils/index.js","s":{"1":1,"2":5,"3":5,"4":5,"5":1,"6":1,"7":1,"8":1,"9":1},"b":{"1":[5,0]},"f":{"1":5},"fnMap":{"1":{"name":"__export","line":2,"loc":{"start":{"line":2,"column":0},"end":{"line":2,"column":21}}}},"statementMap":{"1":{"start":{"line":2,"column":0},"end":{"line":4,"column":1}},"2":{"start":{"line":3,"column":4},"end":{"line":3,"column":71}},"3":{"start":{"line":3,"column":21},"end":{"line":3,"column":71}},"4":{"start":{"line":3,"column":53},"end":{"line":3,"column":71}},"5":{"start":{"line":5,"column":0},"end":{"line":5,"column":29}},"6":{"start":{"line":6,"column":0},"end":{"line":6,"column":27}},"7":{"start":{"line":7,"column":0},"end":{"line":7,"column":31}},"8":{"start":{"line":8,"column":0},"end":{"line":8,"column":37}},"9":{"start":{"line":9,"column":0},"end":{"line":9,"column":33}}},"branchMap":{"1":{"line":3,"type":"if","locations":[{"start":{"line":3,"column":21},"end":{"line":3,"column":21}},{"start":{"line":3,"column":21},"end":{"line":3,"column":21}}]}},"l":{"2":1,"3":5,"5":1,"6":1,"7":1,"8":1,"9":1}},
"/Users/bdwyer/git/svg-typewriter/build/src/utils/cache.js":{"path":"/Users/bdwyer/git/svg-typewriter/build/src/utils/cache.js","s":{"1":1,"2":1,"3":1,"4":3,"5":2,"6":0,"7":3,"8":3,"9":3,"10":1,"11":24,"12":10,"13":24,"14":1,"15":1,"16":1,"17":1,"18":1},"b":{"1":[2,1],"2":[10,14]},"f":{"1":1,"2":3,"3":0,"4":24,"5":1},"fnMap":{"1":{"name":"(anonymous_1)","line":3,"loc":{"start":{"line":3,"column":13},"end":{"line":3,"column":25}}},"2":{"name":"Cache","line":12,"loc":{"start":{"line":12,"column":4},"end":{"line":12,"column":37}}},"3":{"name":"(anonymous_3)","line":13,"loc":{"start":{"line":13,"column":44},"end":{"line":13,"column":60}}},"4":{"name":"(anonymous_4)","line":25,"loc":{"start":{"line":25,"column":26},"end":{"line":25,"column":39}}},"5":{"name":"(anonymous_5)","line":36,"loc":{"start":{"line":36,"column":28},"end":{"line":36,"column":40}}}},"statementMap":{"1":{"start":{"line":2,"column":0},"end":{"line":2,"column":23}},"2":{"start":{"line":3,"column":0},"end":{"line":41,"column":5}},"3":{"start":{"line":12,"column":4},"end":{"line":17,"column":5}},"4":{"start":{"line":13,"column":8},"end":{"line":13,"column":82}},"5":{"start":{"line":13,"column":34},"end":{"line":13,"column":80}},"6":{"start":{"line":13,"column":62},"end":{"line":13,"column":77}},"7":{"start":{"line":14,"column":8},"end":{"line":14,"column":30}},"8":{"start":{"line":15,"column":8},"end":{"line":15,"column":31}},"9":{"start":{"line":16,"column":8},"end":{"line":16,"column":31}},"10":{"start":{"line":25,"column":4},"end":{"line":30,"column":6}},"11":{"start":{"line":26,"column":8},"end":{"line":28,"column":9}},"12":{"start":{"line":27,"column":12},"end":{"line":27,"column":47}},"13":{"start":{"line":29,"column":8},"end":{"line":29,"column":33}},"14":{"start":{"line":36,"column":4},"end":{"line":39,"column":6}},"15":{"start":{"line":37,"column":8},"end":{"line":37,"column":30}},"16":{"start":{"line":38,"column":8},"end":{"line":38,"column":20}},"17":{"start":{"line":40,"column":4},"end":{"line":40,"column":17}},"18":{"start":{"line":42,"column":0},"end":{"line":42,"column":22}}},"branchMap":{"1":{"line":13,"type":"if","locations":[{"start":{"line":13,"column":8},"end":{"line":13,"column":8}},{"start":{"line":13,"column":8},"end":{"line":13,"column":8}}]},"2":{"line":26,"type":"if","locations":[{"start":{"line":26,"column":8},"end":{"line":26,"column":8}},{"start":{"line":26,"column":8},"end":{"line":26,"column":8}}]}},"l":{"2":1,"3":1,"12":1,"13":3,"14":3,"15":3,"16":3,"25":1,"26":24,"27":10,"29":24,"36":1,"37":1,"38":1,"40":1,"42":1}},
"/Users/bdwyer/git/svg-typewriter/build/src/utils/dom.js":{"path":"/Users/bdwyer/git/svg-typewriter/build/src/utils/dom.js","s":{"1":1,"2":1,"3":1,"4":1,"5":103,"6":103,"7":0,"8":103,"9":103,"10":103,"11":103,"12":103,"13":1,"14":3673,"15":3673,"16":3673,"17":0,"18":3673,"19":1,"20":1},"b":{"1":[0,103],"2":[0,103]},"f":{"1":1,"2":0,"3":103,"4":3673},"fnMap":{"1":{"name":"(anonymous_1)","line":3,"loc":{"start":{"line":3,"column":11},"end":{"line":3,"column":23}}},"2":{"name":"DOM","line":4,"loc":{"start":{"line":4,"column":4},"end":{"line":4,"column":19}}},"3":{"name":"(anonymous_3)","line":6,"loc":{"start":{"line":6,"column":20},"end":{"line":6,"column":39}}},"4":{"name":"(anonymous_4)","line":19,"loc":{"start":{"line":19,"column":18},"end":{"line":19,"column":37}}}},"statementMap":{"1":{"start":{"line":2,"column":0},"end":{"line":2,"column":23}},"2":{"start":{"line":3,"column":0},"end":{"line":35,"column":5}},"3":{"start":{"line":4,"column":4},"end":{"line":5,"column":5}},"4":{"start":{"line":6,"column":4},"end":{"line":18,"column":6}},"5":{"start":{"line":7,"column":8},"end":{"line":7,"column":54}},"6":{"start":{"line":8,"column":8},"end":{"line":17,"column":9}},"7":{"start":{"line":9,"column":12},"end":{"line":9,"column":35}},"8":{"start":{"line":12,"column":12},"end":{"line":12,"column":36}},"9":{"start":{"line":13,"column":12},"end":{"line":13,"column":35}},"10":{"start":{"line":14,"column":12},"end":{"line":14,"column":35}},"11":{"start":{"line":15,"column":12},"end":{"line":15,"column":50}},"12":{"start":{"line":16,"column":12},"end":{"line":16,"column":21}},"13":{"start":{"line":19,"column":4},"end":{"line":33,"column":6}},"14":{"start":{"line":20,"column":8},"end":{"line":20,"column":17}},"15":{"start":{"line":21,"column":8},"end":{"line":31,"column":9}},"16":{"start":{"line":22,"column":12},"end":{"line":22,"column":44}},"17":{"start":{"line":25,"column":12},"end":{"line":30,"column":14}},"18":{"start":{"line":32,"column":8},"end":{"line":32,"column":20}},"19":{"start":{"line":34,"column":4},"end":{"line":34,"column":15}},"20":{"start":{"line":36,"column":0},"end":{"line":36,"column":18}}},"branchMap":{"1":{"line":8,"type":"if","locations":[{"start":{"line":8,"column":8},"end":{"line":8,"column":8}},{"start":{"line":8,"column":8},"end":{"line":8,"column":8}}]},"2":{"line":12,"type":"cond-expr","locations":[{"start":{"line":12,"column":30},"end":{"line":12,"column":31}},{"start":{"line":12,"column":34},"end":{"line":12,"column":35}}]}},"l":{"2":1,"3":1,"4":1,"6":1,"7":103,"8":103,"9":0,"12":103,"13":103,"14":103,"15":103,"16":103,"19":1,"20":3673,"21":3673,"22":3673,"25":0,"32":3673,"34":1,"36":1}},
"/Users/bdwyer/git/svg-typewriter/build/src/utils/methods.js":{"path":"/Users/bdwyer/git/svg-typewriter/build/src/utils/methods.js","s":{"1":1,"2":1,"3":1,"4":12,"5":2,"6":10,"7":3,"8":7,"9":5,"10":1,"11":6,"12":1,"13":8,"14":2,"15":6,"16":6,"17":6,"18":6,"19":6,"20":5,"21":6,"22":1,"23":1},"b":{"1":[2,10],"2":[12,10],"3":[3,7],"4":[1,4],"5":[2,6],"6":[8,6],"7":[6,3]},"f":{"1":1,"2":0,"3":12,"4":8,"5":6,"6":5},"fnMap":{"1":{"name":"(anonymous_1)","line":2,"loc":{"start":{"line":2,"column":15},"end":{"line":2,"column":27}}},"2":{"name":"Methods","line":3,"loc":{"start":{"line":3,"column":4},"end":{"line":3,"column":23}}},"3":{"name":"(anonymous_3)","line":8,"loc":{"start":{"line":8,"column":22},"end":{"line":8,"column":38}}},"4":{"name":"(anonymous_4)","line":31,"loc":{"start":{"line":31,"column":20},"end":{"line":31,"column":36}}},"5":{"name":"(anonymous_5)","line":37,"loc":{"start":{"line":37,"column":32},"end":{"line":37,"column":45}}},"6":{"name":"(anonymous_6)","line":38,"loc":{"start":{"line":38,"column":32},"end":{"line":38,"column":45}}}},"statementMap":{"1":{"start":{"line":2,"column":0},"end":{"line":42,"column":5}},"2":{"start":{"line":3,"column":4},"end":{"line":4,"column":5}},"3":{"start":{"line":8,"column":4},"end":{"line":22,"column":6}},"4":{"start":{"line":10,"column":8},"end":{"line":12,"column":9}},"5":{"start":{"line":11,"column":12},"end":{"line":11,"column":27}},"6":{"start":{"line":13,"column":8},"end":{"line":15,"column":9}},"7":{"start":{"line":14,"column":12},"end":{"line":14,"column":25}},"8":{"start":{"line":16,"column":8},"end":{"line":20,"column":9}},"9":{"start":{"line":17,"column":12},"end":{"line":19,"column":13}},"10":{"start":{"line":18,"column":16},"end":{"line":18,"column":29}},"11":{"start":{"line":21,"column":8},"end":{"line":21,"column":20}},"12":{"start":{"line":31,"column":4},"end":{"line":40,"column":6}},"13":{"start":{"line":32,"column":8},"end":{"line":34,"column":9}},"14":{"start":{"line":33,"column":12},"end":{"line":33,"column":27}},"15":{"start":{"line":35,"column":8},"end":{"line":35,"column":42}},"16":{"start":{"line":36,"column":8},"end":{"line":36,"column":42}},"17":{"start":{"line":37,"column":8},"end":{"line":37,"column":63}},"18":{"start":{"line":37,"column":47},"end":{"line":37,"column":59}},"19":{"start":{"line":38,"column":8},"end":{"line":38,"column":63}},"20":{"start":{"line":38,"column":47},"end":{"line":38,"column":59}},"21":{"start":{"line":39,"column":8},"end":{"line":39,"column":82}},"22":{"start":{"line":41,"column":4},"end":{"line":41,"column":19}},"23":{"start":{"line":43,"column":0},"end":{"line":43,"column":26}}},"branchMap":{"1":{"line":10,"type":"if","locations":[{"start":{"line":10,"column":8},"end":{"line":10,"column":8}},{"start":{"line":10,"column":8},"end":{"line":10,"column":8}}]},"2":{"line":10,"type":"binary-expr","locations":[{"start":{"line":10,"column":12},"end":{"line":10,"column":21}},{"start":{"line":10,"column":25},"end":{"line":10,"column":34}}]},"3":{"line":13,"type":"if","locations":[{"start":{"line":13,"column":8},"end":{"line":13,"column":8}},{"start":{"line":13,"column":8},"end":{"line":13,"column":8}}]},"4":{"line":17,"type":"if","locations":[{"start":{"line":17,"column":12},"end":{"line":17,"column":12}},{"start":{"line":17,"column":12},"end":{"line":17,"column":12}}]},"5":{"line":32,"type":"if","locations":[{"start":{"line":32,"column":8},"end":{"line":32,"column":8}},{"start":{"line":32,"column":8},"end":{"line":32,"column":8}}]},"6":{"line":32,"type":"binary-expr","locations":[{"start":{"line":32,"column":12},"end":{"line":32,"column":21}},{"start":{"line":32,"column":25},"end":{"line":32,"column":34}}]},"7":{"line":39,"type":"binary-expr","locations":[{"start":{"line":39,"column":15},"end":{"line":39,"column":44}},{"start":{"line":39,"column":48},"end":{"line":39,"column":81}}]}},"l":{"2":1,"3":1,"8":1,"10":12,"11":2,"13":10,"14":3,"16":7,"17":5,"18":1,"21":6,"31":1,"32":8,"33":2,"35":6,"36":6,"37":6,"38":6,"39":6,"41":1,"43":1}},
"/Users/bdwyer/git/svg-typewriter/build/src/utils/stringMethods.js":{"path":"/Users/bdwyer/git/svg-typewriter/build/src/utils/stringMethods.js","s":{"1":1,"2":1,"3":1,"4":6,"5":1,"6":2242,"7":1,"8":296,"9":3,"10":293,"11":293,"12":86,"13":293,"14":2225,"15":1,"16":297,"17":12,"18":285,"19":285,"20":285,"21":285,"22":285,"23":1,"24":1},"b":{"1":[2242,2208],"2":[3,293],"3":[19,274],"4":[2140,85],"5":[12,285]},"f":{"1":1,"2":0,"3":6,"4":2242,"5":296,"6":86,"7":2225,"8":297},"fnMap":{"1":{"name":"(anonymous_1)","line":2,"loc":{"start":{"line":2,"column":21},"end":{"line":2,"column":33}}},"2":{"name":"StringMethods","line":3,"loc":{"start":{"line":3,"column":4},"end":{"line":3,"column":29}}},"3":{"name":"(anonymous_3)","line":8,"loc":{"start":{"line":8,"column":38},"end":{"line":8,"column":53}}},"4":{"name":"(anonymous_4)","line":11,"loc":{"start":{"line":11,"column":37},"end":{"line":11,"column":52}}},"5":{"name":"(anonymous_5)","line":14,"loc":{"start":{"line":14,"column":30},"end":{"line":14,"column":55}}},"6":{"name":"(anonymous_6)","line":19,"loc":{"start":{"line":19,"column":40},"end":{"line":19,"column":53}}},"7":{"name":"(anonymous_7)","line":21,"loc":{"start":{"line":21,"column":28},"end":{"line":21,"column":44}}},"8":{"name":"(anonymous_8)","line":23,"loc":{"start":{"line":23,"column":28},"end":{"line":23,"column":46}}}},"statementMap":{"1":{"start":{"line":2,"column":0},"end":{"line":34,"column":5}},"2":{"start":{"line":3,"column":4},"end":{"line":4,"column":5}},"3":{"start":{"line":8,"column":4},"end":{"line":10,"column":6}},"4":{"start":{"line":9,"column":8},"end":{"line":9,"column":40}},"5":{"start":{"line":11,"column":4},"end":{"line":13,"column":6}},"6":{"start":{"line":12,"column":8},"end":{"line":12,"column":40}},"7":{"start":{"line":14,"column":4},"end":{"line":22,"column":6}},"8":{"start":{"line":15,"column":8},"end":{"line":17,"column":9}},"9":{"start":{"line":16,"column":12},"end":{"line":16,"column":23}},"10":{"start":{"line":18,"column":8},"end":{"line":18,"column":34}},"11":{"start":{"line":19,"column":8},"end":{"line":20,"column":45}},"12":{"start":{"line":19,"column":55},"end":{"line":19,"column":117}},"13":{"start":{"line":21,"column":8},"end":{"line":21,"column":95}},"14":{"start":{"line":21,"column":46},"end":{"line":21,"column":87}},"15":{"start":{"line":23,"column":4},"end":{"line":32,"column":6}},"16":{"start":{"line":24,"column":8},"end":{"line":26,"column":9}},"17":{"start":{"line":25,"column":12},"end":{"line":25,"column":23}},"18":{"start":{"line":27,"column":8},"end":{"line":27,"column":42}},"19":{"start":{"line":28,"column":8},"end":{"line":28,"column":32}},"20":{"start":{"line":29,"column":8},"end":{"line":29,"column":85}},"21":{"start":{"line":30,"column":8},"end":{"line":30,"column":32}},"22":{"start":{"line":31,"column":8},"end":{"line":31,"column":38}},"23":{"start":{"line":33,"column":4},"end":{"line":33,"column":25}},"24":{"start":{"line":35,"column":0},"end":{"line":35,"column":38}}},"branchMap":{"1":{"line":12,"type":"binary-expr","locations":[{"start":{"line":12,"column":15},"end":{"line":12,"column":18}},{"start":{"line":12,"column":22},"end":{"line":12,"column":39}}]},"2":{"line":15,"type":"if","locations":[{"start":{"line":15,"column":8},"end":{"line":15,"column":8}},{"start":{"line":15,"column":8},"end":{"line":15,"column":8}}]},"3":{"line":19,"type":"cond-expr","locations":[{"start":{"line":19,"column":40},"end":{"line":19,"column":119}},{"start":{"line":20,"column":14},"end":{"line":20,"column":44}}]},"4":{"line":21,"type":"cond-expr","locations":[{"start":{"line":21,"column":77},"end":{"line":21,"column":82}},{"start":{"line":21,"column":85},"end":{"line":21,"column":86}}]},"5":{"line":24,"type":"if","locations":[{"start":{"line":24,"column":8},"end":{"line":24,"column":8}},{"start":{"line":24,"column":8},"end":{"line":24,"column":8}}]}},"l":{"2":1,"3":1,"8":1,"9":6,"11":1,"12":2242,"14":1,"15":296,"16":3,"18":293,"19":293,"21":2225,"23":1,"24":297,"25":12,"27":285,"28":285,"29":285,"30":285,"31":285,"33":1,"35":1}},
"/Users/bdwyer/git/svg-typewriter/build/src/utils/tokenizer.js":{"path":"/Users/bdwyer/git/svg-typewriter/build/src/utils/tokenizer.js","s":{"1":1,"2":1,"3":120,"4":120,"5":1,"6":154,"7":154,"8":2420,"9":1,"10":2420,"11":154,"12":2266,"13":2266,"14":82,"15":2184,"16":84,"17":2100,"18":2029,"19":71,"20":3,"21":68,"22":1,"23":1},"b":{"1":[154,2266],"2":[82,2184],"3":[2266,123],"4":[84,2100],"5":[2184,2143],"6":[2029,71],"7":[2100,2062],"8":[3,68]},"f":{"1":1,"2":120,"3":154,"4":2420,"5":2420},"fnMap":{"1":{"name":"(anonymous_1)","line":2,"loc":{"start":{"line":2,"column":17},"end":{"line":2,"column":29}}},"2":{"name":"Tokenizer","line":3,"loc":{"start":{"line":3,"column":4},"end":{"line":3,"column":25}}},"3":{"name":"(anonymous_3)","line":7,"loc":{"start":{"line":7,"column":35},"end":{"line":7,"column":51}}},"4":{"name":"(anonymous_4)","line":9,"loc":{"start":{"line":9,"column":37},"end":{"line":9,"column":58}}},"5":{"name":"(anonymous_5)","line":13,"loc":{"start":{"line":13,"column":47},"end":{"line":13,"column":78}}}},"statementMap":{"1":{"start":{"line":2,"column":0},"end":{"line":35,"column":5}},"2":{"start":{"line":3,"column":4},"end":{"line":6,"column":5}},"3":{"start":{"line":4,"column":8},"end":{"line":4,"column":51}},"4":{"start":{"line":5,"column":8},"end":{"line":5,"column":50}},"5":{"start":{"line":7,"column":4},"end":{"line":12,"column":6}},"6":{"start":{"line":8,"column":8},"end":{"line":8,"column":25}},"7":{"start":{"line":9,"column":8},"end":{"line":11,"column":17}},"8":{"start":{"line":10,"column":12},"end":{"line":10,"column":104}},"9":{"start":{"line":13,"column":4},"end":{"line":33,"column":6}},"10":{"start":{"line":14,"column":8},"end":{"line":16,"column":9}},"11":{"start":{"line":15,"column":12},"end":{"line":15,"column":34}},"12":{"start":{"line":17,"column":8},"end":{"line":17,"column":52}},"13":{"start":{"line":18,"column":8},"end":{"line":32,"column":9}},"14":{"start":{"line":19,"column":12},"end":{"line":19,"column":42}},"15":{"start":{"line":21,"column":13},"end":{"line":32,"column":9}},"16":{"start":{"line":22,"column":12},"end":{"line":22,"column":41}},"17":{"start":{"line":24,"column":13},"end":{"line":32,"column":9}},"18":{"start":{"line":25,"column":12},"end":{"line":25,"column":42}},"19":{"start":{"line":27,"column":13},"end":{"line":32,"column":9}},"20":{"start":{"line":28,"column":12},"end":{"line":28,"column":42}},"21":{"start":{"line":31,"column":12},"end":{"line":31,"column":41}},"22":{"start":{"line":34,"column":4},"end":{"line":34,"column":21}},"23":{"start":{"line":36,"column":0},"end":{"line":36,"column":30}}},"branchMap":{"1":{"line":14,"type":"if","locations":[{"start":{"line":14,"column":8},"end":{"line":14,"column":8}},{"start":{"line":14,"column":8},"end":{"line":14,"column":8}}]},"2":{"line":18,"type":"if","locations":[{"start":{"line":18,"column":8},"end":{"line":18,"column":8}},{"start":{"line":18,"column":8},"end":{"line":18,"column":8}}]},"3":{"line":18,"type":"binary-expr","locations":[{"start":{"line":18,"column":12},"end":{"line":18,"column":53}},{"start":{"line":18,"column":57},"end":{"line":18,"column":97}}]},"4":{"line":21,"type":"if","locations":[{"start":{"line":21,"column":13},"end":{"line":21,"column":13}},{"start":{"line":21,"column":13},"end":{"line":21,"column":13}}]},"5":{"line":21,"type":"binary-expr","locations":[{"start":{"line":21,"column":17},"end":{"line":21,"column":58}},{"start":{"line":21,"column":62},"end":{"line":21,"column":102}}]},"6":{"line":24,"type":"if","locations":[{"start":{"line":24,"column":13},"end":{"line":24,"column":13}},{"start":{"line":24,"column":13},"end":{"line":24,"column":13}}]},"7":{"line":24,"type":"binary-expr","locations":[{"start":{"line":24,"column":19},"end":{"line":24,"column":61}},{"start":{"line":24,"column":65},"end":{"line":24,"column":106}}]},"8":{"line":27,"type":"if","locations":[{"start":{"line":27,"column":13},"end":{"line":27,"column":13}},{"start":{"line":27,"column":13},"end":{"line":27,"column":13}}]}},"l":{"2":1,"3":1,"4":120,"5":120,"7":1,"8":154,"9":154,"10":2420,"13":1,"14":2420,"15":154,"17":2266,"18":2266,"19":82,"21":2184,"22":84,"24":2100,"25":2029,"27":71,"28":3,"31":68,"34":1,"36":1}},
"/Users/bdwyer/git/svg-typewriter/build/src/measurers/index.js":{"path":"/Users/bdwyer/git/svg-typewriter/build/src/measurers/index.js","s":{"1":1,"2":5,"3":5,"4":5,"5":1,"6":1,"7":1,"8":1,"9":1},"b":{"1":[5,0]},"f":{"1":5},"fnMap":{"1":{"name":"__export","line":2,"loc":{"start":{"line":2,"column":0},"end":{"line":2,"column":21}}}},"statementMap":{"1":{"start":{"line":2,"column":0},"end":{"line":4,"column":1}},"2":{"start":{"line":3,"column":4},"end":{"line":3,"column":71}},"3":{"start":{"line":3,"column":21},"end":{"line":3,"column":71}},"4":{"start":{"line":3,"column":53},"end":{"line":3,"column":71}},"5":{"start":{"line":5,"column":0},"end":{"line":5,"column":40}},"6":{"start":{"line":6,"column":0},"end":{"line":6,"column":46}},"7":{"start":{"line":7,"column":0},"end":{"line":7,"column":37}},"8":{"start":{"line":8,"column":0},"end":{"line":8,"column":41}},"9":{"start":{"line":9,"column":0},"end":{"line":9,"column":32}}},"branchMap":{"1":{"line":3,"type":"if","locations":[{"start":{"line":3,"column":21},"end":{"line":3,"column":21}},{"start":{"line":3,"column":21},"end":{"line":3,"column":21}}]}},"l":{"2":1,"3":5,"5":1,"6":1,"7":1,"8":1,"9":1}},
"/Users/bdwyer/git/svg-typewriter/build/src/measurers/abstractMeasurer.js":{"path":"/Users/bdwyer/git/svg-typewriter/build/src/measurers/abstractMeasurer.js","s":{"1":1,"2":1,"3":1,"4":92,"5":1,"6":3585,"7":32,"8":3585,"9":1,"10":92,"11":1,"12":92,"13":92,"14":53,"15":53,"16":1,"17":53,"18":53,"19":3073,"20":3073,"21":3073,"22":3073,"23":39,"24":39,"25":39,"26":3,"27":36,"28":39,"29":39,"30":512,"31":512,"32":512,"33":512,"34":1,"35":3585,"36":3585,"37":3585,"38":1,"39":1,"40":1},"b":{"1":[32,3553],"2":[92,89],"3":[53,39],"4":[1,52],"5":[3,36]},"f":{"1":1,"2":92,"3":3585,"4":92,"5":92,"6":3073,"7":512,"8":3585},"fnMap":{"1":{"name":"(anonymous_1)","line":4,"loc":{"start":{"line":4,"column":24},"end":{"line":4,"column":36}}},"2":{"name":"AbstractMeasurer","line":5,"loc":{"start":{"line":5,"column":4},"end":{"line":5,"column":47}}},"3":{"name":"(anonymous_3)","line":8,"loc":{"start":{"line":8,"column":41},"end":{"line":8,"column":57}}},"4":{"name":"(anonymous_4)","line":12,"loc":{"start":{"line":12,"column":54},"end":{"line":12,"column":67}}},"5":{"name":"(anonymous_5)","line":15,"loc":{"start":{"line":15,"column":49},"end":{"line":15,"column":76}}},"6":{"name":"(anonymous_6)","line":23,"loc":{"start":{"line":23,"column":19},"end":{"line":23,"column":35}}},"7":{"name":"(anonymous_7)","line":40,"loc":{"start":{"line":40,"column":19},"end":{"line":40,"column":35}}},"8":{"name":"(anonymous_8)","line":48,"loc":{"start":{"line":48,"column":45},"end":{"line":48,"column":64}}}},"statementMap":{"1":{"start":{"line":2,"column":0},"end":{"line":2,"column":32}},"2":{"start":{"line":4,"column":0},"end":{"line":54,"column":5}},"3":{"start":{"line":5,"column":4},"end":{"line":7,"column":5}},"4":{"start":{"line":6,"column":8},"end":{"line":6,"column":66}},"5":{"start":{"line":8,"column":4},"end":{"line":11,"column":6}},"6":{"start":{"line":9,"column":8},"end":{"line":9,"column":69}},"7":{"start":{"line":9,"column":31},"end":{"line":9,"column":67}},"8":{"start":{"line":10,"column":8},"end":{"line":10,"column":39}},"9":{"start":{"line":12,"column":4},"end":{"line":14,"column":6}},"10":{"start":{"line":13,"column":8},"end":{"line":13,"column":71}},"11":{"start":{"line":15,"column":4},"end":{"line":47,"column":6}},"12":{"start":{"line":16,"column":8},"end":{"line":16,"column":25}},"13":{"start":{"line":17,"column":8},"end":{"line":46,"column":9}},"14":{"start":{"line":18,"column":12},"end":{"line":18,"column":52}},"15":{"start":{"line":19,"column":12},"end":{"line":21,"column":13}},"16":{"start":{"line":20,"column":16},"end":{"line":20,"column":55}},"17":{"start":{"line":22,"column":12},"end":{"line":22,"column":35}},"18":{"start":{"line":23,"column":12},"end":{"line":28,"column":14}},"19":{"start":{"line":24,"column":16},"end":{"line":24,"column":62}},"20":{"start":{"line":25,"column":16},"end":{"line":25,"column":75}},"21":{"start":{"line":26,"column":16},"end":{"line":26,"column":39}},"22":{"start":{"line":27,"column":16},"end":{"line":27,"column":37}},"23":{"start":{"line":31,"column":12},"end":{"line":31,"column":54}},"24":{"start":{"line":32,"column":12},"end":{"line":32,"column":32}},"25":{"start":{"line":33,"column":12},"end":{"line":38,"column":13}},"26":{"start":{"line":34,"column":16},"end":{"line":34,"column":39}},"27":{"start":{"line":37,"column":16},"end":{"line":37,"column":54}},"28":{"start":{"line":39,"column":12},"end":{"line":39,"column":26}},"29":{"start":{"line":40,"column":12},"end":{"line":45,"column":14}},"30":{"start":{"line":41,"column":16},"end":{"line":41,"column":54}},"31":{"start":{"line":42,"column":16},"end":{"line":42,"column":77}},"32":{"start":{"line":43,"column":16},"end":{"line":43,"column":30}},"33":{"start":{"line":44,"column":16},"end":{"line":44,"column":37}},"34":{"start":{"line":48,"column":4},"end":{"line":52,"column":6}},"35":{"start":{"line":49,"column":8},"end":{"line":49,"column":21}},"36":{"start":{"line":50,"column":8},"end":{"line":50,"column":38}},"37":{"start":{"line":51,"column":8},"end":{"line":51,"column":54}},"38":{"start":{"line":53,"column":4},"end":{"line":53,"column":28}},"39":{"start":{"line":55,"column":0},"end":{"line":55,"column":39}},"40":{"start":{"line":56,"column":0},"end":{"line":56,"column":44}}},"branchMap":{"1":{"line":9,"type":"if","locations":[{"start":{"line":9,"column":8},"end":{"line":9,"column":8}},{"start":{"line":9,"column":8},"end":{"line":9,"column":8}}]},"2":{"line":13,"type":"binary-expr","locations":[{"start":{"line":13,"column":15},"end":{"line":13,"column":41}},{"start":{"line":13,"column":45},"end":{"line":13,"column":70}}]},"3":{"line":17,"type":"if","locations":[{"start":{"line":17,"column":8},"end":{"line":17,"column":8}},{"start":{"line":17,"column":8},"end":{"line":17,"column":8}}]},"4":{"line":19,"type":"if","locations":[{"start":{"line":19,"column":12},"end":{"line":19,"column":12}},{"start":{"line":19,"column":12},"end":{"line":19,"column":12}}]},"5":{"line":33,"type":"if","locations":[{"start":{"line":33,"column":12},"end":{"line":33,"column":12}},{"start":{"line":33,"column":12},"end":{"line":33,"column":12}}]}},"l":{"2":1,"4":1,"5":1,"6":92,"8":1,"9":3585,"10":3585,"12":1,"13":92,"15":1,"16":92,"17":92,"18":53,"19":53,"20":1,"22":53,"23":53,"24":3073,"25":3073,"26":3073,"27":3073,"31":39,"32":39,"33":39,"34":3,"37":36,"39":39,"40":39,"41":512,"42":512,"43":512,"44":512,"48":1,"49":3585,"50":3585,"51":3585,"53":1,"55":1,"56":1}},
"/Users/bdwyer/git/svg-typewriter/build/src/measurers/cacheCharacterMeasurer.js":{"path":"/Users/bdwyer/git/svg-typewriter/build/src/measurers/cacheCharacterMeasurer.js","s":{"1":1,"2":1,"3":1,"4":1,"5":1,"6":1,"7":1,"8":1,"9":1,"10":1,"11":1,"12":1,"13":1,"14":1,"15":7,"16":1,"17":1,"18":7,"19":1,"20":20,"21":1,"22":0,"23":1,"24":1},"b":{"1":[1,1,1],"2":[1,0],"3":[0,1],"4":[1,0]},"f":{"1":1,"2":1,"3":1,"4":1,"5":7,"6":7,"7":20,"8":0},"fnMap":{"1":{"name":"(anonymous_1)","line":2,"loc":{"start":{"line":2,"column":44},"end":{"line":2,"column":60}}},"2":{"name":"__","line":4,"loc":{"start":{"line":4,"column":4},"end":{"line":4,"column":18}}},"3":{"name":"(anonymous_3)","line":9,"loc":{"start":{"line":9,"column":30},"end":{"line":9,"column":48}}},"4":{"name":"CacheCharacterMeasurer","line":11,"loc":{"start":{"line":11,"column":4},"end":{"line":11,"column":64}}},"5":{"name":"(anonymous_5)","line":13,"loc":{"start":{"line":13,"column":38},"end":{"line":13,"column":51}}},"6":{"name":"(anonymous_6)","line":18,"loc":{"start":{"line":18,"column":69},"end":{"line":18,"column":82}}},"7":{"name":"(anonymous_7)","line":21,"loc":{"start":{"line":21,"column":57},"end":{"line":21,"column":70}}},"8":{"name":"(anonymous_8)","line":24,"loc":{"start":{"line":24,"column":45},"end":{"line":24,"column":57}}}},"statementMap":{"1":{"start":{"line":2,"column":0},"end":{"line":6,"column":2}},"2":{"start":{"line":3,"column":4},"end":{"line":3,"column":58}},"3":{"start":{"line":3,"column":21},"end":{"line":3,"column":58}},"4":{"start":{"line":3,"column":46},"end":{"line":3,"column":58}},"5":{"start":{"line":4,"column":4},"end":{"line":4,"column":43}},"6":{"start":{"line":4,"column":20},"end":{"line":4,"column":41}},"7":{"start":{"line":5,"column":4},"end":{"line":5,"column":89}},"8":{"start":{"line":7,"column":0},"end":{"line":7,"column":32}},"9":{"start":{"line":8,"column":0},"end":{"line":8,"column":57}},"10":{"start":{"line":9,"column":0},"end":{"line":28,"column":42}},"11":{"start":{"line":10,"column":4},"end":{"line":10,"column":46}},"12":{"start":{"line":11,"column":4},"end":{"line":17,"column":5}},"13":{"start":{"line":12,"column":8},"end":{"line":12,"column":74}},"14":{"start":{"line":13,"column":8},"end":{"line":15,"column":32}},"15":{"start":{"line":14,"column":12},"end":{"line":14,"column":58}},"16":{"start":{"line":16,"column":8},"end":{"line":16,"column":21}},"17":{"start":{"line":18,"column":4},"end":{"line":20,"column":6}},"18":{"start":{"line":19,"column":8},"end":{"line":19,"column":64}},"19":{"start":{"line":21,"column":4},"end":{"line":23,"column":6}},"20":{"start":{"line":22,"column":8},"end":{"line":22,"column":33}},"21":{"start":{"line":24,"column":4},"end":{"line":26,"column":6}},"22":{"start":{"line":25,"column":8},"end":{"line":25,"column":27}},"23":{"start":{"line":27,"column":4},"end":{"line":27,"column":34}},"24":{"start":{"line":29,"column":0},"end":{"line":29,"column":56}}},"branchMap":{"1":{"line":2,"type":"binary-expr","locations":[{"start":{"line":2,"column":17},"end":{"line":2,"column":21}},{"start":{"line":2,"column":25},"end":{"line":2,"column":39}},{"start":{"line":2,"column":44},"end":{"line":6,"column":1}}]},"2":{"line":3,"type":"if","locations":[{"start":{"line":3,"column":21},"end":{"line":3,"column":21}},{"start":{"line":3,"column":21},"end":{"line":3,"column":21}}]},"3":{"line":5,"type":"cond-expr","locations":[{"start":{"line":5,"column":31},"end":{"line":5,"column":47}},{"start":{"line":5,"column":51},"end":{"line":5,"column":87}}]},"4":{"line":12,"type":"binary-expr","locations":[{"start":{"line":12,"column":20},"end":{"line":12,"column":65}},{"start":{"line":12,"column":69},"end":{"line":12,"column":73}}]}},"l":{"2":1,"3":1,"4":1,"5":1,"7":1,"8":1,"9":1,"10":1,"11":1,"12":1,"13":1,"14":7,"16":1,"18":1,"19":7,"21":1,"22":20,"24":1,"25":0,"27":1,"29":1}},
"/Users/bdwyer/git/svg-typewriter/build/src/measurers/characterMeasurer.js":{"path":"/Users/bdwyer/git/svg-typewriter/build/src/measurers/characterMeasurer.js","s":{"1":1,"2":1,"3":1,"4":1,"5":1,"6":1,"7":1,"8":1,"9":1,"10":1,"11":1,"12":1,"13":1,"14":1,"15":7,"16":1,"17":11,"18":11,"19":20,"20":11,"21":20,"22":20,"23":1,"24":1},"b":{"1":[1,1,1],"2":[1,0],"3":[0,1],"4":[1,0]},"f":{"1":1,"2":1,"3":1,"4":1,"5":7,"6":11,"7":20,"8":20,"9":20},"fnMap":{"1":{"name":"(anonymous_1)","line":2,"loc":{"start":{"line":2,"column":44},"end":{"line":2,"column":60}}},"2":{"name":"__","line":4,"loc":{"start":{"line":4,"column":4},"end":{"line":4,"column":18}}},"3":{"name":"(anonymous_3)","line":9,"loc":{"start":{"line":9,"column":25},"end":{"line":9,"column":43}}},"4":{"name":"CharacterMeasurer","line":11,"loc":{"start":{"line":11,"column":4},"end":{"line":11,"column":33}}},"5":{"name":"(anonymous_5)","line":14,"loc":{"start":{"line":14,"column":52},"end":{"line":14,"column":65}}},"6":{"name":"(anonymous_6)","line":17,"loc":{"start":{"line":17,"column":47},"end":{"line":17,"column":63}}},"7":{"name":"(anonymous_7)","line":19,"loc":{"start":{"line":19,"column":54},"end":{"line":19,"column":67}}},"8":{"name":"(anonymous_8)","line":21,"loc":{"start":{"line":21,"column":49},"end":{"line":21,"column":64}}},"9":{"name":"(anonymous_9)","line":22,"loc":{"start":{"line":22,"column":48},"end":{"line":22,"column":63}}}},"statementMap":{"1":{"start":{"line":2,"column":0},"end":{"line":6,"column":2}},"2":{"start":{"line":3,"column":4},"end":{"line":3,"column":58}},"3":{"start":{"line":3,"column":21},"end":{"line":3,"column":58}},"4":{"start":{"line":3,"column":46},"end":{"line":3,"column":58}},"5":{"start":{"line":4,"column":4},"end":{"line":4,"column":43}},"6":{"start":{"line":4,"column":20},"end":{"line":4,"column":41}},"7":{"start":{"line":5,"column":4},"end":{"line":5,"column":89}},"8":{"start":{"line":7,"column":0},"end":{"line":7,"column":23}},"9":{"start":{"line":8,"column":0},"end":{"line":8,"column":39}},"10":{"start":{"line":9,"column":0},"end":{"line":26,"column":24}},"11":{"start":{"line":10,"column":4},"end":{"line":10,"column":41}},"12":{"start":{"line":11,"column":4},"end":{"line":13,"column":5}},"13":{"start":{"line":12,"column":8},"end":{"line":12,"column":53}},"14":{"start":{"line":14,"column":4},"end":{"line":16,"column":6}},"15":{"start":{"line":15,"column":8},"end":{"line":15,"column":59}},"16":{"start":{"line":17,"column":4},"end":{"line":24,"column":6}},"17":{"start":{"line":18,"column":8},"end":{"line":18,"column":25}},"18":{"start":{"line":19,"column":8},"end":{"line":19,"column":107}},"19":{"start":{"line":19,"column":69},"end":{"line":19,"column":103}},"20":{"start":{"line":20,"column":8},"end":{"line":23,"column":10}},"21":{"start":{"line":21,"column":66},"end":{"line":21,"column":84}},"22":{"start":{"line":22,"column":65},"end":{"line":22,"column":82}},"23":{"start":{"line":25,"column":4},"end":{"line":25,"column":29}},"24":{"start":{"line":27,"column":0},"end":{"line":27,"column":46}}},"branchMap":{"1":{"line":2,"type":"binary-expr","locations":[{"start":{"line":2,"column":17},"end":{"line":2,"column":21}},{"start":{"line":2,"column":25},"end":{"line":2,"column":39}},{"start":{"line":2,"column":44},"end":{"line":6,"column":1}}]},"2":{"line":3,"type":"if","locations":[{"start":{"line":3,"column":21},"end":{"line":3,"column":21}},{"start":{"line":3,"column":21},"end":{"line":3,"column":21}}]},"3":{"line":5,"type":"cond-expr","locations":[{"start":{"line":5,"column":31},"end":{"line":5,"column":47}},{"start":{"line":5,"column":51},"end":{"line":5,"column":87}}]},"4":{"line":12,"type":"binary-expr","locations":[{"start":{"line":12,"column":15},"end":{"line":12,"column":44}},{"start":{"line":12,"column":48},"end":{"line":12,"column":52}}]}},"l":{"2":1,"3":1,"4":1,"5":1,"7":1,"8":1,"9":1,"10":1,"11":1,"12":1,"14":1,"15":7,"17":1,"18":11,"19":20,"20":11,"21":20,"22":20,"25":1,"27":1}},
"/Users/bdwyer/git/svg-typewriter/build/src/measurers/measurer.js":{"path":"/Users/bdwyer/git/svg-typewriter/build/src/measurers/measurer.js","s":{"1":1,"2":1,"3":1,"4":1,"5":1,"6":1,"7":1,"8":1,"9":1,"10":1,"11":1,"12":1,"13":92,"14":52,"15":92,"16":53,"17":92,"18":92,"19":92,"20":1,"21":480,"22":1,"23":3553,"24":3553,"25":3553,"26":3553,"27":1,"28":3524,"29":3524,"30":163,"31":3524,"32":37,"33":3487,"34":3557,"35":3487,"36":3557,"37":3557,"38":1,"39":480,"40":32,"41":480,"42":1,"43":1},"b":{"1":[1,1,1],"2":[1,0],"3":[0,1],"4":[52,40],"5":[53,39],"6":[92,92],"7":[480,3073],"8":[480,3073],"9":[163,3361],"10":[37,3487],"11":[32,448]},"f":{"1":1,"2":1,"3":1,"4":92,"5":480,"6":3553,"7":3524,"8":3557,"9":3557,"10":3557,"11":480},"fnMap":{"1":{"name":"(anonymous_1)","line":2,"loc":{"start":{"line":2,"column":44},"end":{"line":2,"column":60}}},"2":{"name":"__","line":4,"loc":{"start":{"line":4,"column":4},"end":{"line":4,"column":18}}},"3":{"name":"(anonymous_3)","line":9,"loc":{"start":{"line":9,"column":16},"end":{"line":9,"column":34}}},"4":{"name":"Measurer","line":11,"loc":{"start":{"line":11,"column":4},"end":{"line":11,"column":50}}},"5":{"name":"(anonymous_5)","line":19,"loc":{"start":{"line":19,"column":36},"end":{"line":19,"column":52}}},"6":{"name":"(anonymous_6)","line":22,"loc":{"start":{"line":22,"column":38},"end":{"line":22,"column":54}}},"7":{"name":"(anonymous_7)","line":28,"loc":{"start":{"line":28,"column":33},"end":{"line":28,"column":49}}},"8":{"name":"(anonymous_8)","line":34,"loc":{"start":{"line":34,"column":58},"end":{"line":34,"column":74}}},"9":{"name":"(anonymous_9)","line":36,"loc":{"start":{"line":36,"column":44},"end":{"line":36,"column":59}}},"10":{"name":"(anonymous_10)","line":37,"loc":{"start":{"line":37,"column":43},"end":{"line":37,"column":58}}},"11":{"name":"(anonymous_11)","line":40,"loc":{"start":{"line":40,"column":39},"end":{"line":40,"column":51}}}},"statementMap":{"1":{"start":{"line":2,"column":0},"end":{"line":6,"column":2}},"2":{"start":{"line":3,"column":4},"end":{"line":3,"column":58}},"3":{"start":{"line":3,"column":21},"end":{"line":3,"column":58}},"4":{"start":{"line":3,"column":46},"end":{"line":3,"column":58}},"5":{"start":{"line":4,"column":4},"end":{"line":4,"column":43}},"6":{"start":{"line":4,"column":20},"end":{"line":4,"column":41}},"7":{"start":{"line":5,"column":4},"end":{"line":5,"column":89}},"8":{"start":{"line":7,"column":0},"end":{"line":7,"column":23}},"9":{"start":{"line":8,"column":0},"end":{"line":8,"column":55}},"10":{"start":{"line":9,"column":0},"end":{"line":47,"column":40}},"11":{"start":{"line":10,"column":4},"end":{"line":10,"column":32}},"12":{"start":{"line":11,"column":4},"end":{"line":17,"column":5}},"13":{"start":{"line":12,"column":8},"end":{"line":12,"column":55}},"14":{"start":{"line":12,"column":36},"end":{"line":12,"column":53}},"15":{"start":{"line":13,"column":8},"end":{"line":13,"column":56}},"16":{"start":{"line":13,"column":36},"end":{"line":13,"column":54}},"17":{"start":{"line":14,"column":8},"end":{"line":14,"column":63}},"18":{"start":{"line":15,"column":8},"end":{"line":15,"column":36}},"19":{"start":{"line":16,"column":8},"end":{"line":16,"column":21}},"20":{"start":{"line":19,"column":4},"end":{"line":21,"column":6}},"21":{"start":{"line":20,"column":8},"end":{"line":20,"column":120}},"22":{"start":{"line":22,"column":4},"end":{"line":27,"column":6}},"23":{"start":{"line":23,"column":8},"end":{"line":23,"column":73}},"24":{"start":{"line":24,"column":8},"end":{"line":24,"column":87}},"25":{"start":{"line":25,"column":8},"end":{"line":25,"column":88}},"26":{"start":{"line":26,"column":8},"end":{"line":26,"column":38}},"27":{"start":{"line":28,"column":4},"end":{"line":39,"column":6}},"28":{"start":{"line":29,"column":8},"end":{"line":29,"column":25}},"29":{"start":{"line":30,"column":8},"end":{"line":30,"column":88}},"30":{"start":{"line":30,"column":31},"end":{"line":30,"column":86}},"31":{"start":{"line":31,"column":8},"end":{"line":33,"column":9}},"32":{"start":{"line":32,"column":12},"end":{"line":32,"column":43}},"33":{"start":{"line":34,"column":8},"end":{"line":34,"column":112}},"34":{"start":{"line":34,"column":76},"end":{"line":34,"column":108}},"35":{"start":{"line":35,"column":8},"end":{"line":38,"column":10}},"36":{"start":{"line":36,"column":61},"end":{"line":36,"column":79}},"37":{"start":{"line":37,"column":60},"end":{"line":37,"column":77}},"38":{"start":{"line":40,"column":4},"end":{"line":45,"column":6}},"39":{"start":{"line":41,"column":8},"end":{"line":43,"column":9}},"40":{"start":{"line":42,"column":12},"end":{"line":42,"column":72}},"41":{"start":{"line":44,"column":8},"end":{"line":44,"column":31}},"42":{"start":{"line":46,"column":4},"end":{"line":46,"column":20}},"43":{"start":{"line":48,"column":0},"end":{"line":48,"column":28}}},"branchMap":{"1":{"line":2,"type":"binary-expr","locations":[{"start":{"line":2,"column":17},"end":{"line":2,"column":21}},{"start":{"line":2,"column":25},"end":{"line":2,"column":39}},{"start":{"line":2,"column":44},"end":{"line":6,"column":1}}]},"2":{"line":3,"type":"if","locations":[{"start":{"line":3,"column":21},"end":{"line":3,"column":21}},{"start":{"line":3,"column":21},"end":{"line":3,"column":21}}]},"3":{"line":5,"type":"cond-expr","locations":[{"start":{"line":5,"column":31},"end":{"line":5,"column":47}},{"start":{"line":5,"column":51},"end":{"line":5,"column":87}}]},"4":{"line":12,"type":"if","locations":[{"start":{"line":12,"column":8},"end":{"line":12,"column":8}},{"start":{"line":12,"column":8},"end":{"line":12,"column":8}}]},"5":{"line":13,"type":"if","locations":[{"start":{"line":13,"column":8},"end":{"line":13,"column":8}},{"start":{"line":13,"column":8},"end":{"line":13,"column":8}}]},"6":{"line":14,"type":"binary-expr","locations":[{"start":{"line":14,"column":20},"end":{"line":14,"column":54}},{"start":{"line":14,"column":58},"end":{"line":14,"column":62}}]},"7":{"line":23,"type":"cond-expr","locations":[{"start":{"line":23,"column":44},"end":{"line":23,"column":65}},{"start":{"line":23,"column":68},"end":{"line":23,"column":72}}]},"8":{"line":25,"type":"cond-expr","locations":[{"start":{"line":25,"column":58},"end":{"line":25,"column":82}},{"start":{"line":25,"column":86},"end":{"line":25,"column":87}}]},"9":{"line":30,"type":"if","locations":[{"start":{"line":30,"column":8},"end":{"line":30,"column":8}},{"start":{"line":30,"column":8},"end":{"line":30,"column":8}}]},"10":{"line":31,"type":"if","locations":[{"start":{"line":31,"column":8},"end":{"line":31,"column":8}},{"start":{"line":31,"column":8},"end":{"line":31,"column":8}}]},"11":{"line":41,"type":"if","locations":[{"start":{"line":41,"column":8},"end":{"line":41,"column":8}},{"start":{"line":41,"column":8},"end":{"line":41,"column":8}}]}},"l":{"2":1,"3":1,"4":1,"5":1,"7":1,"8":1,"9":1,"10":1,"11":1,"12":92,"13":92,"14":92,"15":92,"16":92,"19":1,"20":480,"22":1,"23":3553,"24":3553,"25":3553,"26":3553,"28":1,"29":3524,"30":3524,"31":3524,"32":37,"34":3557,"35":3487,"36":3557,"37":3557,"40":1,"41":480,"42":32,"44":480,"46":1,"48":1}},
"/Users/bdwyer/git/svg-typewriter/build/src/measurers/cacheMeasurer.js":{"path":"/Users/bdwyer/git/svg-typewriter/build/src/measurers/cacheMeasurer.js","s":{"1":1,"2":1,"3":1,"4":1,"5":1,"6":1,"7":1,"8":1,"9":1,"10":1,"11":1,"12":1,"13":0,"14":0,"15":0,"16":0,"17":1,"18":0,"19":1,"20":0,"21":1,"22":0,"23":0,"24":1,"25":1},"b":{"1":[1,1,1],"2":[1,0],"3":[0,1],"4":[0,0]},"f":{"1":1,"2":1,"3":1,"4":0,"5":0,"6":0,"7":0,"8":0},"fnMap":{"1":{"name":"(anonymous_1)","line":2,"loc":{"start":{"line":2,"column":44},"end":{"line":2,"column":60}}},"2":{"name":"__","line":4,"loc":{"start":{"line":4,"column":4},"end":{"line":4,"column":18}}},"3":{"name":"(anonymous_3)","line":9,"loc":{"start":{"line":9,"column":21},"end":{"line":9,"column":39}}},"4":{"name":"CacheMeasurer","line":11,"loc":{"start":{"line":11,"column":4},"end":{"line":11,"column":44}}},"5":{"name":"(anonymous_5)","line":13,"loc":{"start":{"line":13,"column":41},"end":{"line":13,"column":54}}},"6":{"name":"(anonymous_6)","line":18,"loc":{"start":{"line":18,"column":51},"end":{"line":18,"column":64}}},"7":{"name":"(anonymous_7)","line":21,"loc":{"start":{"line":21,"column":38},"end":{"line":21,"column":51}}},"8":{"name":"(anonymous_8)","line":24,"loc":{"start":{"line":24,"column":36},"end":{"line":24,"column":48}}}},"statementMap":{"1":{"start":{"line":2,"column":0},"end":{"line":6,"column":2}},"2":{"start":{"line":3,"column":4},"end":{"line":3,"column":58}},"3":{"start":{"line":3,"column":21},"end":{"line":3,"column":58}},"4":{"start":{"line":3,"column":46},"end":{"line":3,"column":58}},"5":{"start":{"line":4,"column":4},"end":{"line":4,"column":43}},"6":{"start":{"line":4,"column":20},"end":{"line":4,"column":41}},"7":{"start":{"line":5,"column":4},"end":{"line":5,"column":89}},"8":{"start":{"line":7,"column":0},"end":{"line":7,"column":32}},"9":{"start":{"line":8,"column":0},"end":{"line":8,"column":67}},"10":{"start":{"line":9,"column":0},"end":{"line":29,"column":52}},"11":{"start":{"line":10,"column":4},"end":{"line":10,"column":37}},"12":{"start":{"line":11,"column":4},"end":{"line":17,"column":5}},"13":{"start":{"line":12,"column":8},"end":{"line":12,"column":63}},"14":{"start":{"line":13,"column":8},"end":{"line":15,"column":32}},"15":{"start":{"line":14,"column":12},"end":{"line":14,"column":49}},"16":{"start":{"line":16,"column":8},"end":{"line":16,"column":21}},"17":{"start":{"line":18,"column":4},"end":{"line":20,"column":6}},"18":{"start":{"line":19,"column":8},"end":{"line":19,"column":54}},"19":{"start":{"line":21,"column":4},"end":{"line":23,"column":6}},"20":{"start":{"line":22,"column":8},"end":{"line":22,"column":36}},"21":{"start":{"line":24,"column":4},"end":{"line":27,"column":6}},"22":{"start":{"line":25,"column":8},"end":{"line":25,"column":30}},"23":{"start":{"line":26,"column":8},"end":{"line":26,"column":42}},"24":{"start":{"line":28,"column":4},"end":{"line":28,"column":25}},"25":{"start":{"line":30,"column":0},"end":{"line":30,"column":38}}},"branchMap":{"1":{"line":2,"type":"binary-expr","locations":[{"start":{"line":2,"column":17},"end":{"line":2,"column":21}},{"start":{"line":2,"column":25},"end":{"line":2,"column":39}},{"start":{"line":2,"column":44},"end":{"line":6,"column":1}}]},"2":{"line":3,"type":"if","locations":[{"start":{"line":3,"column":21},"end":{"line":3,"column":21}},{"start":{"line":3,"column":21},"end":{"line":3,"column":21}}]},"3":{"line":5,"type":"cond-expr","locations":[{"start":{"line":5,"column":31},"end":{"line":5,"column":47}},{"start":{"line":5,"column":51},"end":{"line":5,"column":87}}]},"4":{"line":12,"type":"binary-expr","locations":[{"start":{"line":12,"column":20},"end":{"line":12,"column":54}},{"start":{"line":12,"column":58},"end":{"line":12,"column":62}}]}},"l":{"2":1,"3":1,"4":1,"5":1,"7":1,"8":1,"9":1,"10":1,"11":1,"12":0,"13":0,"14":0,"16":0,"18":1,"19":0,"21":1,"22":0,"24":1,"25":0,"26":0,"28":1,"30":1}},
"/Users/bdwyer/git/svg-typewriter/build/src/wrappers/index.js":{"path":"/Users/bdwyer/git/svg-typewriter/build/src/wrappers/index.js","s":{"1":1,"2":2,"3":2,"4":2,"5":1,"6":1},"b":{"1":[2,0]},"f":{"1":2},"fnMap":{"1":{"name":"__export","line":2,"loc":{"start":{"line":2,"column":0},"end":{"line":2,"column":21}}}},"statementMap":{"1":{"start":{"line":2,"column":0},"end":{"line":4,"column":1}},"2":{"start":{"line":3,"column":4},"end":{"line":3,"column":71}},"3":{"start":{"line":3,"column":21},"end":{"line":3,"column":71}},"4":{"start":{"line":3,"column":53},"end":{"line":3,"column":71}},"5":{"start":{"line":5,"column":0},"end":{"line":5,"column":41}},"6":{"start":{"line":6,"column":0},"end":{"line":6,"column":31}}},"branchMap":{"1":{"line":3,"type":"if","locations":[{"start":{"line":3,"column":21},"end":{"line":3,"column":21}},{"start":{"line":3,"column":21},"end":{"line":3,"column":21}}]}},"l":{"2":1,"3":2,"5":1,"6":1}},
"/Users/bdwyer/git/svg-typewriter/build/src/wrappers/singleLineWrapper.js":{"path":"/Users/bdwyer/git/svg-typewriter/build/src/wrappers/singleLineWrapper.js","s":{"1":1,"2":1,"3":0,"4":0,"5":1,"6":1,"7":1,"8":1,"9":1,"10":1,"11":1,"12":3,"13":1,"14":3,"15":3,"16":3,"17":3,"18":3,"19":1,"20":2,"21":7,"22":2,"23":2,"24":1,"25":1,"26":1,"27":1,"28":5,"29":5,"30":5,"31":3,"32":3,"33":2,"34":1,"35":1,"36":5,"37":1,"38":1,"39":1},"b":{"1":[1,1,1],"2":[0,0],"3":[0,1],"4":[3,3],"5":[3,0],"6":[1,2],"7":[1,1],"8":[6,5],"9":[3,2],"10":[5,5]},"f":{"1":1,"2":1,"3":1,"4":3,"5":3,"6":7,"7":5},"fnMap":{"1":{"name":"(anonymous_1)","line":2,"loc":{"start":{"line":2,"column":44},"end":{"line":2,"column":60}}},"2":{"name":"__","line":4,"loc":{"start":{"line":4,"column":4},"end":{"line":4,"column":18}}},"3":{"name":"(anonymous_3)","line":8,"loc":{"start":{"line":8,"column":25},"end":{"line":8,"column":43}}},"4":{"name":"SingleLineWrapper","line":10,"loc":{"start":{"line":10,"column":4},"end":{"line":10,"column":33}}},"5":{"name":"(anonymous_5)","line":13,"loc":{"start":{"line":13,"column":39},"end":{"line":13,"column":80}}},"6":{"name":"(anonymous_6)","line":20,"loc":{"start":{"line":20,"column":21},"end":{"line":20,"column":34}}},"7":{"name":"(anonymous_7)","line":40,"loc":{"start":{"line":40,"column":49},"end":{"line":40,"column":69}}}},"statementMap":{"1":{"start":{"line":2,"column":0},"end":{"line":6,"column":2}},"2":{"start":{"line":3,"column":4},"end":{"line":3,"column":58}},"3":{"start":{"line":3,"column":21},"end":{"line":3,"column":58}},"4":{"start":{"line":3,"column":46},"end":{"line":3,"column":58}},"5":{"start":{"line":4,"column":4},"end":{"line":4,"column":43}},"6":{"start":{"line":4,"column":20},"end":{"line":4,"column":41}},"7":{"start":{"line":5,"column":4},"end":{"line":5,"column":89}},"8":{"start":{"line":7,"column":0},"end":{"line":7,"column":37}},"9":{"start":{"line":8,"column":0},"end":{"line":44,"column":22}},"10":{"start":{"line":9,"column":4},"end":{"line":9,"column":41}},"11":{"start":{"line":10,"column":4},"end":{"line":12,"column":5}},"12":{"start":{"line":11,"column":8},"end":{"line":11,"column":53}},"13":{"start":{"line":13,"column":4},"end":{"line":39,"column":6}},"14":{"start":{"line":14,"column":8},"end":{"line":14,"column":25}},"15":{"start":{"line":15,"column":8},"end":{"line":15,"column":53}},"16":{"start":{"line":15,"column":33},"end":{"line":15,"column":51}},"17":{"start":{"line":16,"column":8},"end":{"line":16,"column":37}},"18":{"start":{"line":17,"column":8},"end":{"line":19,"column":9}},"19":{"start":{"line":18,"column":12},"end":{"line":18,"column":89}},"20":{"start":{"line":20,"column":8},"end":{"line":20,"column":107}},"21":{"start":{"line":20,"column":36},"end":{"line":20,"column":104}},"22":{"start":{"line":21,"column":8},"end":{"line":21,"column":35}},"23":{"start":{"line":22,"column":8},"end":{"line":24,"column":9}},"24":{"start":{"line":23,"column":12},"end":{"line":23,"column":26}},"25":{"start":{"line":25,"column":8},"end":{"line":25,"column":21}},"26":{"start":{"line":26,"column":8},"end":{"line":26,"column":26}},"27":{"start":{"line":27,"column":8},"end":{"line":37,"column":9}},"28":{"start":{"line":28,"column":12},"end":{"line":28,"column":50}},"29":{"start":{"line":29,"column":12},"end":{"line":29,"column":53}},"30":{"start":{"line":30,"column":12},"end":{"line":36,"column":13}},"31":{"start":{"line":31,"column":16},"end":{"line":31,"column":37}},"32":{"start":{"line":32,"column":16},"end":{"line":32,"column":39}},"33":{"start":{"line":35,"column":16},"end":{"line":35,"column":36}},"34":{"start":{"line":38,"column":8},"end":{"line":38,"column":22}},"35":{"start":{"line":40,"column":4},"end":{"line":42,"column":6}},"36":{"start":{"line":41,"column":8},"end":{"line":41,"column":86}},"37":{"start":{"line":43,"column":4},"end":{"line":43,"column":29}},"38":{"start":{"line":45,"column":0},"end":{"line":45,"column":41}},"39":{"start":{"line":46,"column":0},"end":{"line":46,"column":46}}},"branchMap":{"1":{"line":2,"type":"binary-expr","locations":[{"start":{"line":2,"column":17},"end":{"line":2,"column":21}},{"start":{"line":2,"column":25},"end":{"line":2,"column":39}},{"start":{"line":2,"column":44},"end":{"line":6,"column":1}}]},"2":{"line":3,"type":"if","locations":[{"start":{"line":3,"column":21},"end":{"line":3,"column":21}},{"start":{"line":3,"column":21},"end":{"line":3,"column":21}}]},"3":{"line":5,"type":"cond-expr","locations":[{"start":{"line":5,"column":31},"end":{"line":5,"column":47}},{"start":{"line":5,"column":51},"end":{"line":5,"column":87}}]},"4":{"line":11,"type":"binary-expr","locations":[{"start":{"line":11,"column":15},"end":{"line":11,"column":44}},{"start":{"line":11,"column":48},"end":{"line":11,"column":52}}]},"5":{"line":15,"type":"if","locations":[{"start":{"line":15,"column":8},"end":{"line":15,"column":8}},{"start":{"line":15,"column":8},"end":{"line":15,"column":8}}]},"6":{"line":17,"type":"if","locations":[{"start":{"line":17,"column":8},"end":{"line":17,"column":8}},{"start":{"line":17,"column":8},"end":{"line":17,"column":8}}]},"7":{"line":22,"type":"if","locations":[{"start":{"line":22,"column":8},"end":{"line":22,"column":8}},{"start":{"line":22,"column":8},"end":{"line":22,"column":8}}]},"8":{"line":27,"type":"binary-expr","locations":[{"start":{"line":27,"column":24},"end":{"line":27,"column":64}},{"start":{"line":27,"column":68},"end":{"line":27,"column":80}}]},"9":{"line":30,"type":"if","locations":[{"start":{"line":30,"column":12},"end":{"line":30,"column":12}},{"start":{"line":30,"column":12},"end":{"line":30,"column":12}}]},"10":{"line":41,"type":"binary-expr","locations":[{"start":{"line":41,"column":15},"end":{"line":41,"column":42}},{"start":{"line":41,"column":46},"end":{"line":41,"column":85}}]}},"l":{"2":1,"3":1,"4":1,"5":1,"7":1,"8":1,"9":1,"10":1,"11":3,"13":1,"14":3,"15":3,"16":3,"17":3,"18":1,"20":7,"21":2,"22":2,"23":1,"25":1,"26":1,"27":1,"28":5,"29":5,"30":5,"31":3,"32":3,"35":2,"38":1,"40":1,"41":5,"43":1,"45":1,"46":1}},
"/Users/bdwyer/git/svg-typewriter/build/src/wrappers/wrapper.js":{"path":"/Users/bdwyer/git/svg-typewriter/build/src/wrappers/wrapper.js","s":{"1":1,"2":1,"3":1,"4":119,"5":119,"6":119,"7":119,"8":119,"9":1,"10":155,"11":2,"12":153,"13":153,"14":1,"15":157,"16":3,"17":154,"18":1,"19":153,"20":153,"21":1,"22":122,"23":1,"24":121,"25":121,"26":1,"27":116,"28":116,"29":29,"30":116,"31":116,"32":116,"33":116,"34":145,"35":1,"36":145,"37":145,"38":3,"39":145,"40":145,"41":280,"42":145,"43":145,"44":145,"45":1,"46":1,"47":1,"48":1,"49":144,"50":145,"51":145,"52":1,"53":245,"54":245,"55":2215,"56":245,"57":1590,"58":1,"59":28,"60":13,"61":15,"62":15,"63":15,"64":15,"65":15,"66":1,"67":1,"68":1,"69":14,"70":28,"71":28,"72":14,"73":1,"74":280,"75":42,"76":238,"77":238,"78":337,"79":337,"80":337,"81":337,"82":125,"83":125,"84":125,"85":26,"86":26,"87":26,"88":26,"89":26,"90":99,"91":99,"92":212,"93":1,"94":42,"95":1,"96":1,"97":1,"98":1,"99":1,"100":1,"101":41,"102":42,"103":42,"104":1,"105":337,"106":337,"107":337,"108":212,"109":125,"110":0,"111":125,"112":1,"113":124,"114":124,"115":1035,"116":911,"117":124,"118":124,"119":124,"120":113,"121":124,"122":1,"123":1},"b":{"1":[2,153],"2":[3,154],"3":[1,153],"4":[154,35],"5":[1,121],"6":[29,87],"7":[3,142],"8":[145,3],"9":[1,144],"10":[145,41,21],"11":[239,6],"12":[1976,239],"13":[245,55],"14":[13,15],"15":[8,7],"16":[15,15],"17":[1,14],"18":[42,238],"19":[280,252,245],"20":[125,212],"21":[26,99],"22":[1,41],"23":[42,14,7,6],"24":[337,0],"25":[212,125],"26":[0,125],"27":[1,124],"28":[911,124],"29":[113,11]},"f":{"1":1,"2":119,"3":155,"4":157,"5":122,"6":116,"7":145,"8":145,"9":280,"10":245,"11":2215,"12":1590,"13":28,"14":280,"15":42,"16":337},"fnMap":{"1":{"name":"(anonymous_1)","line":3,"loc":{"start":{"line":3,"column":15},"end":{"line":3,"column":27}}},"2":{"name":"Wrapper","line":4,"loc":{"start":{"line":4,"column":4},"end":{"line":4,"column":23}}},"3":{"name":"(anonymous_3)","line":11,"loc":{"start":{"line":11,"column":33},"end":{"line":11,"column":52}}},"4":{"name":"(anonymous_4)","line":20,"loc":{"start":{"line":20,"column":37},"end":{"line":20,"column":55}}},"5":{"name":"(anonymous_5)","line":32,"loc":{"start":{"line":32,"column":43},"end":{"line":32,"column":60}}},"6":{"name":"(anonymous_6)","line":41,"loc":{"start":{"line":41,"column":29},"end":{"line":41,"column":70}}},"7":{"name":"(anonymous_7)","line":59,"loc":{"start":{"line":59,"column":28},"end":{"line":59,"column":50}}},"8":{"name":"(anonymous_8)","line":63,"loc":{"start":{"line":63,"column":44},"end":{"line":63,"column":90}}},"9":{"name":"(anonymous_9)","line":69,"loc":{"start":{"line":69,"column":30},"end":{"line":69,"column":50}}},"10":{"name":"(anonymous_10)","line":86,"loc":{"start":{"line":86,"column":36},"end":{"line":86,"column":70}}},"11":{"name":"(anonymous_11)","line":89,"loc":{"start":{"line":89,"column":32},"end":{"line":89,"column":48}}},"12":{"name":"(anonymous_12)","line":91,"loc":{"start":{"line":91,"column":80},"end":{"line":91,"column":93}}},"13":{"name":"(anonymous_13)","line":93,"loc":{"start":{"line":93,"column":36},"end":{"line":93,"column":69}}},"14":{"name":"(anonymous_14)","line":121,"loc":{"start":{"line":121,"column":38},"end":{"line":121,"column":72}}},"15":{"name":"(anonymous_15)","line":150,"loc":{"start":{"line":150,"column":39},"end":{"line":150,"column":73}}},"16":{"name":"(anonymous_16)","line":173,"loc":{"start":{"line":173,"column":47},"end":{"line":173,"column":115}}}},"statementMap":{"1":{"start":{"line":2,"column":0},"end":{"line":2,"column":32}},"2":{"start":{"line":3,"column":0},"end":{"line":216,"column":5}},"3":{"start":{"line":4,"column":4},"end":{"line":10,"column":5}},"4":{"start":{"line":5,"column":8},"end":{"line":5,"column":32}},"5":{"start":{"line":6,"column":8},"end":{"line":6,"column":38}},"6":{"start":{"line":7,"column":8},"end":{"line":7,"column":38}},"7":{"start":{"line":8,"column":8},"end":{"line":8,"column":48}},"8":{"start":{"line":9,"column":8},"end":{"line":9,"column":38}},"9":{"start":{"line":11,"column":4},"end":{"line":19,"column":6}},"10":{"start":{"line":12,"column":8},"end":{"line":18,"column":9}},"11":{"start":{"line":13,"column":12},"end":{"line":13,"column":34}},"12":{"start":{"line":16,"column":12},"end":{"line":16,"column":37}},"13":{"start":{"line":17,"column":12},"end":{"line":17,"column":24}},"14":{"start":{"line":20,"column":4},"end":{"line":31,"column":6}},"15":{"start":{"line":21,"column":8},"end":{"line":30,"column":9}},"16":{"start":{"line":22,"column":12},"end":{"line":22,"column":38}},"17":{"start":{"line":25,"column":12},"end":{"line":27,"column":13}},"18":{"start":{"line":26,"column":16},"end":{"line":26,"column":81}},"19":{"start":{"line":28,"column":12},"end":{"line":28,"column":40}},"20":{"start":{"line":29,"column":12},"end":{"line":29,"column":24}},"21":{"start":{"line":32,"column":4},"end":{"line":40,"column":6}},"22":{"start":{"line":33,"column":8},"end":{"line":39,"column":9}},"23":{"start":{"line":34,"column":12},"end":{"line":34,"column":44}},"24":{"start":{"line":37,"column":12},"end":{"line":37,"column":45}},"25":{"start":{"line":38,"column":12},"end":{"line":38,"column":24}},"26":{"start":{"line":41,"column":4},"end":{"line":62,"column":6}},"27":{"start":{"line":42,"column":8},"end":{"line":42,"column":25}},"28":{"start":{"line":43,"column":8},"end":{"line":43,"column":53}},"29":{"start":{"line":43,"column":33},"end":{"line":43,"column":51}},"30":{"start":{"line":44,"column":8},"end":{"line":50,"column":10}},"31":{"start":{"line":51,"column":8},"end":{"line":57,"column":10}},"32":{"start":{"line":58,"column":8},"end":{"line":58,"column":37}},"33":{"start":{"line":59,"column":8},"end":{"line":61,"column":27}},"34":{"start":{"line":60,"column":12},"end":{"line":60,"column":88}},"35":{"start":{"line":63,"column":4},"end":{"line":85,"column":6}},"36":{"start":{"line":64,"column":8},"end":{"line":64,"column":25}},"37":{"start":{"line":65,"column":8},"end":{"line":67,"column":9}},"38":{"start":{"line":66,"column":12},"end":{"line":66,"column":49}},"39":{"start":{"line":68,"column":8},"end":{"line":68,"column":52}},"40":{"start":{"line":69,"column":8},"end":{"line":71,"column":18}},"41":{"start":{"line":70,"column":12},"end":{"line":70,"column":59}},"42":{"start":{"line":72,"column":8},"end":{"line":72,"column":73}},"43":{"start":{"line":73,"column":8},"end":{"line":73,"column":56}},"44":{"start":{"line":74,"column":8},"end":{"line":82,"column":9}},"45":{"start":{"line":75,"column":12},"end":{"line":75,"column":95}},"46":{"start":{"line":76,"column":12},"end":{"line":76,"column":70}},"47":{"start":{"line":77,"column":12},"end":{"line":77,"column":74}},"48":{"start":{"line":78,"column":12},"end":{"line":78,"column":37}},"49":{"start":{"line":81,"column":12},"end":{"line":81,"column":54}},"50":{"start":{"line":83,"column":8},"end":{"line":83,"column":33}},"51":{"start":{"line":84,"column":8},"end":{"line":84,"column":21}},"52":{"start":{"line":86,"column":4},"end":{"line":92,"column":6}},"53":{"start":{"line":87,"column":8},"end":{"line":87,"column":25}},"54":{"start":{"line":88,"column":8},"end":{"line":90,"column":22}},"55":{"start":{"line":89,"column":50},"end":{"line":89,"column":117}},"56":{"start":{"line":91,"column":8},"end":{"line":91,"column":141}},"57":{"start":{"line":91,"column":95},"end":{"line":91,"column":137}},"58":{"start":{"line":93,"column":4},"end":{"line":120,"column":6}},"59":{"start":{"line":94,"column":8},"end":{"line":99,"column":9}},"60":{"start":{"line":95,"column":12},"end":{"line":98,"column":14}},"61":{"start":{"line":100,"column":8},"end":{"line":100,"column":53}},"62":{"start":{"line":101,"column":8},"end":{"line":101,"column":62}},"63":{"start":{"line":102,"column":8},"end":{"line":102,"column":58}},"64":{"start":{"line":103,"column":8},"end":{"line":103,"column":71}},"65":{"start":{"line":104,"column":8},"end":{"line":111,"column":9}},"66":{"start":{"line":105,"column":12},"end":{"line":105,"column":48}},"67":{"start":{"line":106,"column":12},"end":{"line":106,"column":68}},"68":{"start":{"line":107,"column":12},"end":{"line":110,"column":14}},"69":{"start":{"line":112,"column":8},"end":{"line":115,"column":9}},"70":{"start":{"line":113,"column":12},"end":{"line":113,"column":107}},"71":{"start":{"line":114,"column":12},"end":{"line":114,"column":62}},"72":{"start":{"line":116,"column":8},"end":{"line":119,"column":10}},"73":{"start":{"line":121,"column":4},"end":{"line":149,"column":6}},"74":{"start":{"line":122,"column":8},"end":{"line":126,"column":9}},"75":{"start":{"line":125,"column":12},"end":{"line":125,"column":63}},"76":{"start":{"line":127,"column":8},"end":{"line":127,"column":35}},"77":{"start":{"line":128,"column":8},"end":{"line":147,"column":9}},"78":{"start":{"line":129,"column":12},"end":{"line":129,"column":120}},"79":{"start":{"line":130,"column":12},"end":{"line":130,"column":44}},"80":{"start":{"line":131,"column":12},"end":{"line":131,"column":51}},"81":{"start":{"line":132,"column":12},"end":{"line":146,"column":13}},"82":{"start":{"line":133,"column":16},"end":{"line":133,"column":65}},"83":{"start":{"line":134,"column":16},"end":{"line":134,"column":41}},"84":{"start":{"line":135,"column":16},"end":{"line":145,"column":17}},"85":{"start":{"line":136,"column":20},"end":{"line":136,"column":109}},"86":{"start":{"line":137,"column":20},"end":{"line":137,"column":78}},"87":{"start":{"line":138,"column":20},"end":{"line":138,"column":99}},"88":{"start":{"line":139,"column":20},"end":{"line":139,"column":45}},"89":{"start":{"line":140,"column":20},"end":{"line":140,"column":33}},"90":{"start":{"line":143,"column":20},"end":{"line":143,"column":97}},"91":{"start":{"line":144,"column":20},"end":{"line":144,"column":45}},"92":{"start":{"line":148,"column":8},"end":{"line":148,"column":21}},"93":{"start":{"line":150,"column":4},"end":{"line":168,"column":6}},"94":{"start":{"line":152,"column":8},"end":{"line":165,"column":9}},"95":{"start":{"line":156,"column":12},"end":{"line":156,"column":98}},"96":{"start":{"line":157,"column":12},"end":{"line":157,"column":59}},"97":{"start":{"line":158,"column":12},"end":{"line":158,"column":63}},"98":{"start":{"line":159,"column":12},"end":{"line":159,"column":87}},"99":{"start":{"line":160,"column":12},"end":{"line":160,"column":69}},"100":{"start":{"line":161,"column":12},"end":{"line":161,"column":35}},"101":{"start":{"line":164,"column":12},"end":{"line":164,"column":50}},"102":{"start":{"line":166,"column":8},"end":{"line":166,"column":33}},"103":{"start":{"line":167,"column":8},"end":{"line":167,"column":21}},"104":{"start":{"line":173,"column":4},"end":{"line":214,"column":6}},"105":{"start":{"line":174,"column":8},"end":{"line":174,"column":90}},"106":{"start":{"line":174,"column":44},"end":{"line":174,"column":88}},"107":{"start":{"line":175,"column":8},"end":{"line":181,"column":9}},"108":{"start":{"line":176,"column":12},"end":{"line":180,"column":14}},"109":{"start":{"line":182,"column":8},"end":{"line":188,"column":9}},"110":{"start":{"line":183,"column":12},"end":{"line":187,"column":14}},"111":{"start":{"line":189,"column":8},"end":{"line":195,"column":9}},"112":{"start":{"line":190,"column":12},"end":{"line":194,"column":14}},"113":{"start":{"line":196,"column":8},"end":{"line":196,"column":31}},"114":{"start":{"line":197,"column":8},"end":{"line":204,"column":9}},"115":{"start":{"line":198,"column":12},"end":{"line":203,"column":13}},"116":{"start":{"line":199,"column":16},"end":{"line":199,"column":33}},"117":{"start":{"line":202,"column":16},"end":{"line":202,"column":22}},"118":{"start":{"line":205,"column":8},"end":{"line":205,"column":24}},"119":{"start":{"line":206,"column":8},"end":{"line":208,"column":9}},"120":{"start":{"line":207,"column":12},"end":{"line":207,"column":39}},"121":{"start":{"line":209,"column":8},"end":{"line":213,"column":10}},"122":{"start":{"line":215,"column":4},"end":{"line":215,"column":19}},"123":{"start":{"line":217,"column":0},"end":{"line":217,"column":26}}},"branchMap":{"1":{"line":12,"type":"if","locations":[{"start":{"line":12,"column":8},"end":{"line":12,"column":8}},{"start":{"line":12,"column":8},"end":{"line":12,"column":8}}]},"2":{"line":21,"type":"if","locations":[{"start":{"line":21,"column":8},"end":{"line":21,"column":8}},{"start":{"line":21,"column":8},"end":{"line":21,"column":8}}]},"3":{"line":25,"type":"if","locations":[{"start":{"line":25,"column":12},"end":{"line":25,"column":12}},{"start":{"line":25,"column":12},"end":{"line":25,"column":12}}]},"4":{"line":25,"type":"binary-expr","locations":[{"start":{"line":25,"column":16},"end":{"line":25,"column":37}},{"start":{"line":25,"column":41},"end":{"line":25,"column":58}}]},"5":{"line":33,"type":"if","locations":[{"start":{"line":33,"column":8},"end":{"line":33,"column":8}},{"start":{"line":33,"column":8},"end":{"line":33,"column":8}}]},"6":{"line":43,"type":"if","locations":[{"start":{"line":43,"column":8},"end":{"line":43,"column":8}},{"start":{"line":43,"column":8},"end":{"line":43,"column":8}}]},"7":{"line":65,"type":"if","locations":[{"start":{"line":65,"column":8},"end":{"line":65,"column":8}},{"start":{"line":65,"column":8},"end":{"line":65,"column":8}}]},"8":{"line":65,"type":"binary-expr","locations":[{"start":{"line":65,"column":12},"end":{"line":65,"column":29}},{"start":{"line":65,"column":33},"end":{"line":65,"column":68}}]},"9":{"line":74,"type":"if","locations":[{"start":{"line":74,"column":8},"end":{"line":74,"column":8}},{"start":{"line":74,"column":8},"end":{"line":74,"column":8}}]},"10":{"line":74,"type":"binary-expr","locations":[{"start":{"line":74,"column":12},"end":{"line":74,"column":59}},{"start":{"line":74,"column":63},"end":{"line":74,"column":92}},{"start":{"line":74,"column":96},"end":{"line":74,"column":107}}]},"11":{"line":88,"type":"cond-expr","locations":[{"start":{"line":89,"column":12},"end":{"line":89,"column":120}},{"start":{"line":90,"column":14},"end":{"line":90,"column":21}}]},"12":{"line":89,"type":"cond-expr","locations":[{"start":{"line":89,"column":84},"end":{"line":89,"column":112}},{"start":{"line":89,"column":115},"end":{"line":89,"column":116}}]},"13":{"line":91,"type":"binary-expr","locations":[{"start":{"line":91,"column":16},"end":{"line":91,"column":54}},{"start":{"line":91,"column":59},"end":{"line":91,"column":140}}]},"14":{"line":94,"type":"if","locations":[{"start":{"line":94,"column":8},"end":{"line":94,"column":8}},{"start":{"line":94,"column":8},"end":{"line":94,"column":8}}]},"15":{"line":103,"type":"cond-expr","locations":[{"start":{"line":103,"column":61},"end":{"line":103,"column":65}},{"start":{"line":103,"column":68},"end":{"line":103,"column":70}}]},"16":{"line":103,"type":"binary-expr","locations":[{"start":{"line":103,"column":22},"end":{"line":103,"column":37}},{"start":{"line":103,"column":41},"end":{"line":103,"column":57}}]},"17":{"line":104,"type":"if","locations":[{"start":{"line":104,"column":8},"end":{"line":104,"column":8}},{"start":{"line":104,"column":8},"end":{"line":104,"column":8}}]},"18":{"line":122,"type":"if","locations":[{"start":{"line":122,"column":8},"end":{"line":122,"column":8}},{"start":{"line":122,"column":8},"end":{"line":122,"column":8}}]},"19":{"line":122,"type":"binary-expr","locations":[{"start":{"line":122,"column":12},"end":{"line":122,"column":29}},{"start":{"line":123,"column":12},"end":{"line":123,"column":59}},{"start":{"line":124,"column":12},"end":{"line":124,"column":68}}]},"20":{"line":132,"type":"if","locations":[{"start":{"line":132,"column":12},"end":{"line":132,"column":12}},{"start":{"line":132,"column":12},"end":{"line":132,"column":12}}]},"21":{"line":135,"type":"if","locations":[{"start":{"line":135,"column":16},"end":{"line":135,"column":16}},{"start":{"line":135,"column":16},"end":{"line":135,"column":16}}]},"22":{"line":152,"type":"if","locations":[{"start":{"line":152,"column":8},"end":{"line":152,"column":8}},{"start":{"line":152,"column":8},"end":{"line":152,"column":8}}]},"23":{"line":152,"type":"binary-expr","locations":[{"start":{"line":152,"column":12},"end":{"line":152,"column":28}},{"start":{"line":153,"column":12},"end":{"line":153,"column":59}},{"start":{"line":154,"column":12},"end":{"line":154,"column":36}},{"start":{"line":155,"column":12},"end":{"line":155,"column":41}}]},"24":{"line":174,"type":"if","locations":[{"start":{"line":174,"column":8},"end":{"line":174,"column":8}},{"start":{"line":174,"column":8},"end":{"line":174,"column":8}}]},"25":{"line":175,"type":"if","locations":[{"start":{"line":175,"column":8},"end":{"line":175,"column":8}},{"start":{"line":175,"column":8},"end":{"line":175,"column":8}}]},"26":{"line":182,"type":"if","locations":[{"start":{"line":182,"column":8},"end":{"line":182,"column":8}},{"start":{"line":182,"column":8},"end":{"line":182,"column":8}}]},"27":{"line":189,"type":"if","locations":[{"start":{"line":189,"column":8},"end":{"line":189,"column":8}},{"start":{"line":189,"column":8},"end":{"line":189,"column":8}}]},"28":{"line":198,"type":"if","locations":[{"start":{"line":198,"column":12},"end":{"line":198,"column":12}},{"start":{"line":198,"column":12},"end":{"line":198,"column":12}}]},"29":{"line":206,"type":"if","locations":[{"start":{"line":206,"column":8},"end":{"line":206,"column":8}},{"start":{"line":206,"column":8},"end":{"line":206,"column":8}}]}},"l":{"2":1,"3":1,"4":1,"5":119,"6":119,"7":119,"8":119,"9":119,"11":1,"12":155,"13":2,"16":153,"17":153,"20":1,"21":157,"22":3,"25":154,"26":1,"28":153,"29":153,"32":1,"33":122,"34":1,"37":121,"38":121,"41":1,"42":116,"43":116,"44":116,"51":116,"58":116,"59":116,"60":145,"63":1,"64":145,"65":145,"66":3,"68":145,"69":145,"70":280,"72":145,"73":145,"74":145,"75":1,"76":1,"77":1,"78":1,"81":144,"83":145,"84":145,"86":1,"87":245,"88":245,"89":2215,"91":1590,"93":1,"94":28,"95":13,"100":15,"101":15,"102":15,"103":15,"104":15,"105":1,"106":1,"107":1,"112":14,"113":28,"114":28,"116":14,"121":1,"122":280,"125":42,"127":238,"128":238,"129":337,"130":337,"131":337,"132":337,"133":125,"134":125,"135":125,"136":26,"137":26,"138":26,"139":26,"140":26,"143":99,"144":99,"148":212,"150":1,"152":42,"156":1,"157":1,"158":1,"159":1,"160":1,"161":1,"164":41,"166":42,"167":42,"173":1,"174":337,"175":337,"176":212,"182":125,"183":0,"189":125,"190":1,"196":124,"197":124,"198":1035,"199":911,"202":124,"205":124,"206":124,"207":113,"209":124,"215":1,"217":1}},
"/Users/bdwyer/git/svg-typewriter/build/src/writers/index.js":{"path":"/Users/bdwyer/git/svg-typewriter/build/src/writers/index.js","s":{"1":1,"2":1,"3":1,"4":1,"5":1},"b":{"1":[1,0]},"f":{"1":1},"fnMap":{"1":{"name":"__export","line":2,"loc":{"start":{"line":2,"column":0},"end":{"line":2,"column":21}}}},"statementMap":{"1":{"start":{"line":2,"column":0},"end":{"line":4,"column":1}},"2":{"start":{"line":3,"column":4},"end":{"line":3,"column":71}},"3":{"start":{"line":3,"column":21},"end":{"line":3,"column":71}},"4":{"start":{"line":3,"column":53},"end":{"line":3,"column":71}},"5":{"start":{"line":5,"column":0},"end":{"line":5,"column":30}}},"branchMap":{"1":{"line":3,"type":"if","locations":[{"start":{"line":3,"column":21},"end":{"line":3,"column":21}},{"start":{"line":3,"column":21},"end":{"line":3,"column":21}}]}},"l":{"2":1,"3":1,"5":1}},
"/Users/bdwyer/git/svg-typewriter/build/src/writers/writer.js":{"path":"/Users/bdwyer/git/svg-typewriter/build/src/writers/writer.js","s":{"1":1,"2":1,"3":1,"4":1,"5":51,"6":51,"7":51,"8":51,"9":51,"10":51,"11":1,"12":51,"13":51,"14":1,"15":51,"16":51,"17":1,"18":52,"19":52,"20":1,"21":47,"22":1,"23":46,"24":46,"25":46,"26":46,"27":46,"28":1,"29":46,"30":46,"31":46,"32":46,"33":46,"34":46,"35":46,"36":8,"37":8,"38":8,"39":8,"40":8,"41":8,"42":8,"43":8,"44":9,"45":9,"46":9,"47":9,"48":21,"49":46,"50":46,"51":46,"52":13,"53":1,"54":103,"55":103,"56":103,"57":103,"58":103,"59":103,"60":1,"61":46,"62":46,"63":46,"64":46,"65":46,"66":103,"67":1,"68":46,"69":46,"70":46,"71":46,"72":46,"73":46,"74":46,"75":46,"76":46,"77":1,"78":1,"79":1,"80":1,"81":1,"82":1,"83":1},"b":{"1":[51,0],"2":[1,46],"3":[30,16],"4":[30,16],"5":[1,45],"6":[46,0],"7":[8,8,9,21],"8":[13,33],"9":[0,46]},"f":{"1":1,"2":51,"3":51,"4":51,"5":52,"6":47,"7":103,"8":46,"9":103,"10":46},"fnMap":{"1":{"name":"(anonymous_1)","line":4,"loc":{"start":{"line":4,"column":14},"end":{"line":4,"column":26}}},"2":{"name":"Writer","line":5,"loc":{"start":{"line":5,"column":4},"end":{"line":5,"column":39}}},"3":{"name":"(anonymous_3)","line":14,"loc":{"start":{"line":14,"column":32},"end":{"line":14,"column":55}}},"4":{"name":"(anonymous_4)","line":18,"loc":{"start":{"line":18,"column":31},"end":{"line":18,"column":53}}},"5":{"name":"(anonymous_5)","line":22,"loc":{"start":{"line":22,"column":39},"end":{"line":22,"column":54}}},"6":{"name":"(anonymous_6)","line":26,"loc":{"start":{"line":26,"column":29},"end":{"line":26,"column":69}}},"7":{"name":"(anonymous_7)","line":70,"loc":{"start":{"line":70,"column":33},"end":{"line":70,"column":76}}},"8":{"name":"(anonymous_8)","line":78,"loc":{"start":{"line":78,"column":33},"end":{"line":78,"column":93}}},"9":{"name":"(anonymous_9)","line":83,"loc":{"start":{"line":83,"column":22},"end":{"line":83,"column":41}}},"10":{"name":"(anonymous_10)","line":87,"loc":{"start":{"line":87,"column":35},"end":{"line":87,"column":68}}}},"statementMap":{"1":{"start":{"line":2,"column":0},"end":{"line":2,"column":23}},"2":{"start":{"line":3,"column":0},"end":{"line":3,"column":32}},"3":{"start":{"line":4,"column":0},"end":{"line":104,"column":5}},"4":{"start":{"line":5,"column":4},"end":{"line":13,"column":5}},"5":{"start":{"line":6,"column":8},"end":{"line":6,"column":41}},"6":{"start":{"line":7,"column":8},"end":{"line":7,"column":28}},"7":{"start":{"line":8,"column":8},"end":{"line":8,"column":32}},"8":{"start":{"line":9,"column":8},"end":{"line":11,"column":9}},"9":{"start":{"line":10,"column":12},"end":{"line":10,"column":34}},"10":{"start":{"line":12,"column":8},"end":{"line":12,"column":36}},"11":{"start":{"line":14,"column":4},"end":{"line":17,"column":6}},"12":{"start":{"line":15,"column":8},"end":{"line":15,"column":37}},"13":{"start":{"line":16,"column":8},"end":{"line":16,"column":20}},"14":{"start":{"line":18,"column":4},"end":{"line":21,"column":6}},"15":{"start":{"line":19,"column":8},"end":{"line":19,"column":35}},"16":{"start":{"line":20,"column":8},"end":{"line":20,"column":20}},"17":{"start":{"line":22,"column":4},"end":{"line":25,"column":6}},"18":{"start":{"line":23,"column":8},"end":{"line":23,"column":36}},"19":{"start":{"line":24,"column":8},"end":{"line":24,"column":20}},"20":{"start":{"line":26,"column":4},"end":{"line":69,"column":6}},"21":{"start":{"line":27,"column":8},"end":{"line":29,"column":9}},"22":{"start":{"line":28,"column":12},"end":{"line":28,"column":78}},"23":{"start":{"line":30,"column":8},"end":{"line":30,"column":84}},"24":{"start":{"line":31,"column":8},"end":{"line":31,"column":67}},"25":{"start":{"line":32,"column":8},"end":{"line":32,"column":69}},"26":{"start":{"line":33,"column":8},"end":{"line":33,"column":90}},"27":{"start":{"line":34,"column":8},"end":{"line":36,"column":9}},"28":{"start":{"line":35,"column":12},"end":{"line":35,"column":53}},"29":{"start":{"line":37,"column":8},"end":{"line":37,"column":76}},"30":{"start":{"line":38,"column":8},"end":{"line":40,"column":17}},"31":{"start":{"line":41,"column":8},"end":{"line":41,"column":116}},"32":{"start":{"line":42,"column":8},"end":{"line":42,"column":37}},"33":{"start":{"line":43,"column":8},"end":{"line":43,"column":38}},"34":{"start":{"line":44,"column":8},"end":{"line":44,"column":44}},"35":{"start":{"line":45,"column":8},"end":{"line":63,"column":9}},"36":{"start":{"line":47,"column":16},"end":{"line":47,"column":45}},"37":{"start":{"line":48,"column":16},"end":{"line":48,"column":36}},"38":{"start":{"line":49,"column":16},"end":{"line":49,"column":44}},"39":{"start":{"line":50,"column":16},"end":{"line":50,"column":22}},"40":{"start":{"line":52,"column":16},"end":{"line":52,"column":46}},"41":{"start":{"line":53,"column":16},"end":{"line":53,"column":35}},"42":{"start":{"line":54,"column":16},"end":{"line":54,"column":46}},"43":{"start":{"line":55,"column":16},"end":{"line":55,"column":22}},"44":{"start":{"line":57,"column":16},"end":{"line":57,"column":50}},"45":{"start":{"line":58,"column":16},"end":{"line":58,"column":51}},"46":{"start":{"line":59,"column":16},"end":{"line":59,"column":36}},"47":{"start":{"line":60,"column":16},"end":{"line":60,"column":22}},"48":{"start":{"line":62,"column":16},"end":{"line":62,"column":22}},"49":{"start":{"line":64,"column":8},"end":{"line":64,"column":53}},"50":{"start":{"line":65,"column":8},"end":{"line":65,"column":48}},"51":{"start":{"line":66,"column":8},"end":{"line":68,"column":9}},"52":{"start":{"line":67,"column":12},"end":{"line":67,"column":52}},"53":{"start":{"line":70,"column":4},"end":{"line":77,"column":6}},"54":{"start":{"line":71,"column":8},"end":{"line":71,"column":38}},"55":{"start":{"line":72,"column":8},"end":{"line":72,"column":26}},"56":{"start":{"line":73,"column":8},"end":{"line":73,"column":59}},"57":{"start":{"line":74,"column":8},"end":{"line":74,"column":52}},"58":{"start":{"line":75,"column":8},"end":{"line":75,"column":70}},"59":{"start":{"line":76,"column":8},"end":{"line":76,"column":75}},"60":{"start":{"line":78,"column":4},"end":{"line":86,"column":6}},"61":{"start":{"line":79,"column":8},"end":{"line":79,"column":25}},"62":{"start":{"line":80,"column":8},"end":{"line":80,"column":37}},"63":{"start":{"line":81,"column":8},"end":{"line":81,"column":57}},"64":{"start":{"line":82,"column":8},"end":{"line":82,"column":90}},"65":{"start":{"line":83,"column":8},"end":{"line":85,"column":11}},"66":{"start":{"line":84,"column":12},"end":{"line":84,"column":94}},"67":{"start":{"line":87,"column":4},"end":{"line":102,"column":6}},"68":{"start":{"line":88,"column":8},"end":{"line":88,"column":42}},"69":{"start":{"line":89,"column":8},"end":{"line":89,"column":90}},"70":{"start":{"line":90,"column":8},"end":{"line":90,"column":38}},"71":{"start":{"line":91,"column":8},"end":{"line":91,"column":71}},"72":{"start":{"line":92,"column":8},"end":{"line":92,"column":103}},"73":{"start":{"line":93,"column":8},"end":{"line":93,"column":81}},"74":{"start":{"line":94,"column":8},"end":{"line":94,"column":74}},"75":{"start":{"line":95,"column":8},"end":{"line":95,"column":48}},"76":{"start":{"line":96,"column":8},"end":{"line":101,"column":11}},"77":{"start":{"line":103,"column":4},"end":{"line":103,"column":18}},"78":{"start":{"line":105,"column":0},"end":{"line":105,"column":18}},"79":{"start":{"line":106,"column":0},"end":{"line":106,"column":45}},"80":{"start":{"line":107,"column":0},"end":{"line":111,"column":2}},"81":{"start":{"line":112,"column":0},"end":{"line":116,"column":2}},"82":{"start":{"line":117,"column":0},"end":{"line":121,"column":2}},"83":{"start":{"line":122,"column":0},"end":{"line":122,"column":24}}},"branchMap":{"1":{"line":9,"type":"if","locations":[{"start":{"line":9,"column":8},"end":{"line":9,"column":8}},{"start":{"line":9,"column":8},"end":{"line":9,"column":8}}]},"2":{"line":27,"type":"if","locations":[{"start":{"line":27,"column":8},"end":{"line":27,"column":8}},{"start":{"line":27,"column":8},"end":{"line":27,"column":8}}]},"3":{"line":31,"type":"cond-expr","locations":[{"start":{"line":31,"column":52},"end":{"line":31,"column":57}},{"start":{"line":31,"column":60},"end":{"line":31,"column":66}}]},"4":{"line":32,"type":"cond-expr","locations":[{"start":{"line":32,"column":54},"end":{"line":32,"column":60}},{"start":{"line":32,"column":63},"end":{"line":32,"column":68}}]},"5":{"line":34,"type":"if","locations":[{"start":{"line":34,"column":8},"end":{"line":34,"column":8}},{"start":{"line":34,"column":8},"end":{"line":34,"column":8}}]},"6":{"line":38,"type":"cond-expr","locations":[{"start":{"line":39,"column":12},"end":{"line":39,"column":102}},{"start":{"line":40,"column":12},"end":{"line":40,"column":16}}]},"7":{"line":45,"type":"switch","locations":[{"start":{"line":46,"column":12},"end":{"line":50,"column":22}},{"start":{"line":51,"column":12},"end":{"line":55,"column":22}},{"start":{"line":56,"column":12},"end":{"line":60,"column":22}},{"start":{"line":61,"column":12},"end":{"line":62,"column":22}}]},"8":{"line":66,"type":"if","locations":[{"start":{"line":66,"column":8},"end":{"line":66,"column":8}},{"start":{"line":66,"column":8},"end":{"line":66,"column":8}}]},"9":{"line":89,"type":"cond-expr","locations":[{"start":{"line":89,"column":62},"end":{"line":89,"column":64}},{"start":{"line":89,"column":67},"end":{"line":89,"column":89}}]}},"l":{"2":1,"3":1,"4":1,"5":1,"6":51,"7":51,"8":51,"9":51,"10":51,"12":51,"14":1,"15":51,"16":51,"18":1,"19":51,"20":51,"22":1,"23":52,"24":52,"26":1,"27":47,"28":1,"30":46,"31":46,"32":46,"33":46,"34":46,"35":1,"37":46,"38":46,"41":46,"42":46,"43":46,"44":46,"45":46,"47":8,"48":8,"49":8,"50":8,"52":8,"53":8,"54":8,"55":8,"57":9,"58":9,"59":9,"60":9,"62":21,"64":46,"65":46,"66":46,"67":13,"70":1,"71":103,"72":103,"73":103,"74":103,"75":103,"76":103,"78":1,"79":46,"80":46,"81":46,"82":46,"83":46,"84":103,"87":1,"88":46,"89":46,"90":46,"91":46,"92":46,"93":46,"94":46,"95":46,"96":46,"103":1,"105":1,"106":1,"107":1,"112":1,"117":1,"122":1}}}
